{"/Users/Cody/Documents/Projects/ElenaApp/frontend/src/App.tsx": {"path":"/Users/Cody/Documents/Projects/ElenaApp/frontend/src/App.tsx","statementMap":{"0":{"start":{"line":9,"column":30},"end":{"line":9,"column":65}},"1":{"start":{"line":11,"column":4},"end":{"line":16,"column":11}},"2":{"start":{"line":12,"column":22},"end":{"line":12,"column":51}},"3":{"start":{"line":13,"column":8},"end":{"line":15,"column":9}},"4":{"start":{"line":14,"column":12},"end":{"line":14,"column":28}},"5":{"start":{"line":19,"column":8},"end":{"line":19,"column":45}},"6":{"start":{"line":20,"column":8},"end":{"line":20,"column":24}},"7":{"start":{"line":23,"column":4},"end":{"line":37,"column":6}}},"fnMap":{"0":{"name":"App","decl":{"start":{"line":7,"column":9},"end":{"line":7,"column":12}},"loc":{"start":{"line":7,"column":15},"end":{"line":38,"column":1}},"line":7},"1":{"name":"(anonymous_1)","decl":{"start":{"line":11,"column":14},"end":{"line":11,"column":15}},"loc":{"start":{"line":11,"column":20},"end":{"line":16,"column":5}},"line":11},"2":{"name":"updateAndSaveToken","decl":{"start":{"line":18,"column":19},"end":{"line":18,"column":37}},"loc":{"start":{"line":18,"column":53},"end":{"line":21,"column":5}},"line":18}},"branchMap":{"0":{"loc":{"start":{"line":13,"column":8},"end":{"line":15,"column":9}},"type":"if","locations":[{"start":{"line":13,"column":8},"end":{"line":15,"column":9}},{"start":{},"end":{}}],"line":13},"1":{"loc":{"start":{"line":25,"column":13},"end":{"line":34,"column":13}},"type":"cond-expr","locations":[{"start":{"line":26,"column":16},"end":{"line":26,"column":64}},{"start":{"line":29,"column":16},"end":{"line":33,"column":25}}],"line":25}},"s":{"0":0,"1":0,"2":0,"3":0,"4":0,"5":0,"6":0,"7":0},"f":{"0":0,"1":0,"2":0},"b":{"0":[0,0],"1":[0,0]}}
,"/Users/Cody/Documents/Projects/ElenaApp/frontend/src/globals.d.ts": {"path":"/Users/Cody/Documents/Projects/ElenaApp/frontend/src/globals.d.ts","statementMap":{},"fnMap":{},"branchMap":{},"s":{},"f":{},"b":{}}
,"/Users/Cody/Documents/Projects/ElenaApp/frontend/src/index.js": {"path":"/Users/Cody/Documents/Projects/ElenaApp/frontend/src/index.js","statementMap":{"0":{"start":{"line":7,"column":0},"end":{"line":12,"column":2}}},"fnMap":{},"branchMap":{},"s":{"0":0},"f":{},"b":{}}
,"/Users/Cody/Documents/Projects/ElenaApp/frontend/src/assets/images/elena-logo.png": {"path":"/Users/Cody/Documents/Projects/ElenaApp/frontend/src/assets/images/elena-logo.png","statementMap":{"0":{"start":{"line":1,"column":0},"end":{"line":1,"column":34}}},"fnMap":{},"branchMap":{},"s":{"0":1},"f":{},"b":{},"inputSourceMap":null,"_coverageSchema":"1a1c01bbd47fc00a2c39e90264f33305004495a9","hash":"ca8736eed44117055c6e68eb1400a2b034736501"}
,"/Users/Cody/Documents/Projects/ElenaApp/frontend/src/hooks/useGeolocation.ts": {"path":"/Users/Cody/Documents/Projects/ElenaApp/frontend/src/hooks/useGeolocation.ts","statementMap":{"0":{"start":{"line":10,"column":23},"end":{"line":36,"column":1}},"1":{"start":{"line":11,"column":36},"end":{"line":16,"column":6}},"2":{"start":{"line":18,"column":4},"end":{"line":33,"column":7}},"3":{"start":{"line":19,"column":8},"end":{"line":19,"column":50}},"4":{"start":{"line":19,"column":43},"end":{"line":19,"column":50}},"5":{"start":{"line":21,"column":8},"end":{"line":32,"column":17}},"6":{"start":{"line":22,"column":12},"end":{"line":31,"column":15}},"7":{"start":{"line":24,"column":20},"end":{"line":24,"column":35}},"8":{"start":{"line":25,"column":16},"end":{"line":30,"column":19}},"9":{"start":{"line":35,"column":4},"end":{"line":35,"column":20}}},"fnMap":{"0":{"name":"(anonymous_0)","decl":{"start":{"line":10,"column":23},"end":{"line":10,"column":24}},"loc":{"start":{"line":10,"column":29},"end":{"line":36,"column":1}},"line":10},"1":{"name":"(anonymous_1)","decl":{"start":{"line":18,"column":14},"end":{"line":18,"column":15}},"loc":{"start":{"line":18,"column":20},"end":{"line":33,"column":5}},"line":18},"2":{"name":"(anonymous_2)","decl":{"start":{"line":21,"column":20},"end":{"line":21,"column":21}},"loc":{"start":{"line":21,"column":26},"end":{"line":32,"column":9}},"line":21},"3":{"name":"(anonymous_3)","decl":{"start":{"line":22,"column":48},"end":{"line":22,"column":49}},"loc":{"start":{"line":22,"column":62},"end":{"line":31,"column":13}},"line":22}},"branchMap":{"0":{"loc":{"start":{"line":19,"column":8},"end":{"line":19,"column":50}},"type":"if","locations":[{"start":{"line":19,"column":8},"end":{"line":19,"column":50}},{"start":{},"end":{}}],"line":19}},"s":{"0":0,"1":0,"2":0,"3":0,"4":0,"5":0,"6":0,"7":0,"8":0,"9":0},"f":{"0":0,"1":0,"2":0,"3":0},"b":{"0":[0,0]}}
,"/Users/Cody/Documents/Projects/ElenaApp/frontend/src/pages/Authentication/Authentication.tsx": {"path":"/Users/Cody/Documents/Projects/ElenaApp/frontend/src/pages/Authentication/Authentication.tsx","statementMap":{"0":{"start":{"line":22,"column":36},"end":{"line":22,"column":62}},"1":{"start":{"line":23,"column":36},"end":{"line":23,"column":62}},"2":{"start":{"line":24,"column":30},"end":{"line":24,"column":56}},"3":{"start":{"line":26,"column":21},"end":{"line":26,"column":34}},"4":{"start":{"line":28,"column":27},"end":{"line":30,"column":5}},"5":{"start":{"line":29,"column":8},"end":{"line":29,"column":40}},"6":{"start":{"line":32,"column":27},"end":{"line":34,"column":5}},"7":{"start":{"line":33,"column":8},"end":{"line":33,"column":40}},"8":{"start":{"line":37,"column":8},"end":{"line":40,"column":9}},"9":{"start":{"line":38,"column":12},"end":{"line":38,"column":61}},"10":{"start":{"line":39,"column":12},"end":{"line":39,"column":19}},"11":{"start":{"line":42,"column":8},"end":{"line":50,"column":11}},"12":{"start":{"line":43,"column":12},"end":{"line":43,"column":28}},"13":{"start":{"line":44,"column":12},"end":{"line":44,"column":28}},"14":{"start":{"line":45,"column":12},"end":{"line":45,"column":25}},"15":{"start":{"line":46,"column":12},"end":{"line":46,"column":28}},"16":{"start":{"line":47,"column":12},"end":{"line":47,"column":34}},"17":{"start":{"line":49,"column":12},"end":{"line":49,"column":36}},"18":{"start":{"line":53,"column":8},"end":{"line":53,"column":27}},"19":{"start":{"line":54,"column":8},"end":{"line":54,"column":30}},"20":{"start":{"line":58,"column":4},"end":{"line":113,"column":5}}},"fnMap":{"0":{"name":"Authentication","decl":{"start":{"line":18,"column":24},"end":{"line":18,"column":38}},"loc":{"start":{"line":20,"column":2},"end":{"line":114,"column":1}},"line":20},"1":{"name":"(anonymous_1)","decl":{"start":{"line":28,"column":27},"end":{"line":28,"column":28}},"loc":{"start":{"line":28,"column":75},"end":{"line":30,"column":5}},"line":28},"2":{"name":"(anonymous_2)","decl":{"start":{"line":32,"column":27},"end":{"line":32,"column":28}},"loc":{"start":{"line":32,"column":75},"end":{"line":34,"column":5}},"line":32},"3":{"name":"triggerLogin","decl":{"start":{"line":36,"column":19},"end":{"line":36,"column":31}},"loc":{"start":{"line":36,"column":34},"end":{"line":55,"column":5}},"line":36},"4":{"name":"(anonymous_4)","decl":{"start":{"line":42,"column":47},"end":{"line":42,"column":48}},"loc":{"start":{"line":42,"column":58},"end":{"line":48,"column":9}},"line":42},"5":{"name":"(anonymous_5)","decl":{"start":{"line":48,"column":17},"end":{"line":48,"column":18}},"loc":{"start":{"line":48,"column":33},"end":{"line":50,"column":9}},"line":48}},"branchMap":{"0":{"loc":{"start":{"line":37,"column":8},"end":{"line":40,"column":9}},"type":"if","locations":[{"start":{"line":37,"column":8},"end":{"line":40,"column":9}},{"start":{},"end":{}}],"line":37},"1":{"loc":{"start":{"line":37,"column":12},"end":{"line":37,"column":50}},"type":"binary-expr","locations":[{"start":{"line":37,"column":12},"end":{"line":37,"column":29}},{"start":{"line":37,"column":33},"end":{"line":37,"column":50}}],"line":37},"2":{"loc":{"start":{"line":103,"column":29},"end":{"line":107,"column":29}},"type":"binary-expr","locations":[{"start":{"line":103,"column":29},"end":{"line":103,"column":44}},{"start":{"line":104,"column":32},"end":{"line":106,"column":40}}],"line":103}},"s":{"0":19,"1":19,"2":19,"3":19,"4":19,"5":3,"6":19,"7":3,"8":5,"9":3,"10":3,"11":2,"12":1,"13":1,"14":1,"15":1,"16":1,"17":1,"18":2,"19":2,"20":19},"f":{"0":19,"1":3,"2":3,"3":5,"4":1,"5":1},"b":{"0":[3,2],"1":[5,3],"2":[19,4]},"_coverageSchema":"1a1c01bbd47fc00a2c39e90264f33305004495a9","hash":"7fa68fcac4e31685d880492f3e18ba4ef404e54d"}
,"/Users/Cody/Documents/Projects/ElenaApp/frontend/src/pages/Navigation/Navigation.tsx": {"path":"/Users/Cody/Documents/Projects/ElenaApp/frontend/src/pages/Navigation/Navigation.tsx","statementMap":{"0":{"start":{"line":8,"column":4},"end":{"line":20,"column":6}},"1":{"start":{"line":24,"column":13},"end":{"line":31,"column":1}}},"fnMap":{"0":{"name":"Navigation","decl":{"start":{"line":7,"column":24},"end":{"line":7,"column":34}},"loc":{"start":{"line":7,"column":37},"end":{"line":21,"column":1}},"line":7}},"branchMap":{},"s":{"0":0,"1":0},"f":{"0":0},"b":{}}
,"/Users/Cody/Documents/Projects/ElenaApp/frontend/src/pages/Navigation/Layout/Sidebar.tsx": {"path":"/Users/Cody/Documents/Projects/ElenaApp/frontend/src/pages/Navigation/Layout/Sidebar.tsx","statementMap":{"0":{"start":{"line":10,"column":46},"end":{"line":10,"column":72}},"1":{"start":{"line":11,"column":42},"end":{"line":11,"column":68}},"2":{"start":{"line":12,"column":48},"end":{"line":12,"column":84}},"3":{"start":{"line":13,"column":62},"end":{"line":13,"column":91}},"4":{"start":{"line":15,"column":42},"end":{"line":17,"column":8}},"5":{"start":{"line":19,"column":31},"end":{"line":21,"column":5}},"6":{"start":{"line":20,"column":8},"end":{"line":20,"column":33}},"7":{"start":{"line":24,"column":8},"end":{"line":24,"column":43}},"8":{"start":{"line":25,"column":8},"end":{"line":25,"column":40}},"9":{"start":{"line":28,"column":4},"end":{"line":158,"column":6}},"10":{"start":{"line":48,"column":41},"end":{"line":48,"column":77}},"11":{"start":{"line":57,"column":41},"end":{"line":57,"column":75}}},"fnMap":{"0":{"name":"Sidebar","decl":{"start":{"line":8,"column":24},"end":{"line":8,"column":31}},"loc":{"start":{"line":8,"column":34},"end":{"line":159,"column":1}},"line":8},"1":{"name":"(anonymous_1)","decl":{"start":{"line":19,"column":31},"end":{"line":19,"column":32}},"loc":{"start":{"line":19,"column":78},"end":{"line":21,"column":5}},"line":19},"2":{"name":"startNavigation","decl":{"start":{"line":23,"column":19},"end":{"line":23,"column":34}},"loc":{"start":{"line":23,"column":37},"end":{"line":26,"column":5}},"line":23},"3":{"name":"(anonymous_3)","decl":{"start":{"line":48,"column":30},"end":{"line":48,"column":31}},"loc":{"start":{"line":48,"column":41},"end":{"line":48,"column":77}},"line":48},"4":{"name":"(anonymous_4)","decl":{"start":{"line":57,"column":30},"end":{"line":57,"column":31}},"loc":{"start":{"line":57,"column":41},"end":{"line":57,"column":75}},"line":57}},"branchMap":{"0":{"loc":{"start":{"line":109,"column":25},"end":{"line":109,"column":69}},"type":"cond-expr","locations":[{"start":{"line":109,"column":59},"end":{"line":109,"column":62}},{"start":{"line":109,"column":65},"end":{"line":109,"column":69}}],"line":109},"1":{"loc":{"start":{"line":128,"column":25},"end":{"line":128,"column":70}},"type":"cond-expr","locations":[{"start":{"line":128,"column":59},"end":{"line":128,"column":62}},{"start":{"line":128,"column":65},"end":{"line":128,"column":70}}],"line":128},"2":{"loc":{"start":{"line":132,"column":21},"end":{"line":132,"column":78}},"type":"cond-expr","locations":[{"start":{"line":132,"column":55},"end":{"line":132,"column":58}},{"start":{"line":132,"column":61},"end":{"line":132,"column":78}}],"line":132}},"s":{"0":18,"1":18,"2":18,"3":18,"4":18,"5":18,"6":0,"7":2,"8":2,"9":18,"10":5,"11":3},"f":{"0":18,"1":0,"2":2,"3":5,"4":3},"b":{"0":[16,2],"1":[16,2],"2":[16,2]},"_coverageSchema":"1a1c01bbd47fc00a2c39e90264f33305004495a9","hash":"6df57486d57dc3b22ef680d768d301c643a29130"}
,"/Users/Cody/Documents/Projects/ElenaApp/frontend/src/pages/Navigation/Layout/SidebarComponents/NavigationErrorBox.tsx": {"path":"/Users/Cody/Documents/Projects/ElenaApp/frontend/src/pages/Navigation/Layout/SidebarComponents/NavigationErrorBox.tsx","statementMap":{"0":{"start":{"line":8,"column":21},"end":{"line":8,"column":23}},"1":{"start":{"line":9,"column":8},"end":{"line":11,"column":9}},"2":{"start":{"line":10,"column":12},"end":{"line":10,"column":60}},"3":{"start":{"line":12,"column":8},"end":{"line":14,"column":9}},"4":{"start":{"line":13,"column":12},"end":{"line":13,"column":57}},"5":{"start":{"line":15,"column":8},"end":{"line":17,"column":9}},"6":{"start":{"line":16,"column":12},"end":{"line":16,"column":62}},"7":{"start":{"line":18,"column":8},"end":{"line":18,"column":22}},"8":{"start":{"line":21,"column":4},"end":{"line":29,"column":6}},"9":{"start":{"line":25,"column":20},"end":{"line":25,"column":58}}},"fnMap":{"0":{"name":"NavigationErrorBox","decl":{"start":{"line":5,"column":16},"end":{"line":5,"column":34}},"loc":{"start":{"line":5,"column":190},"end":{"line":30,"column":1}},"line":5},"1":{"name":"getErrorMessages","decl":{"start":{"line":7,"column":13},"end":{"line":7,"column":29}},"loc":{"start":{"line":7,"column":32},"end":{"line":19,"column":5}},"line":7},"2":{"name":"(anonymous_2)","decl":{"start":{"line":24,"column":40},"end":{"line":24,"column":41}},"loc":{"start":{"line":25,"column":20},"end":{"line":25,"column":58}},"line":25}},"branchMap":{"0":{"loc":{"start":{"line":9,"column":8},"end":{"line":11,"column":9}},"type":"if","locations":[{"start":{"line":9,"column":8},"end":{"line":11,"column":9}},{"start":{},"end":{}}],"line":9},"1":{"loc":{"start":{"line":12,"column":8},"end":{"line":14,"column":9}},"type":"if","locations":[{"start":{"line":12,"column":8},"end":{"line":14,"column":9}},{"start":{},"end":{}}],"line":12},"2":{"loc":{"start":{"line":15,"column":8},"end":{"line":17,"column":9}},"type":"if","locations":[{"start":{"line":15,"column":8},"end":{"line":17,"column":9}},{"start":{},"end":{}}],"line":15},"3":{"loc":{"start":{"line":22,"column":8},"end":{"line":28,"column":16}},"type":"cond-expr","locations":[{"start":{"line":23,"column":12},"end":{"line":27,"column":20}},{"start":{"line":28,"column":12},"end":{"line":28,"column":16}}],"line":22},"4":{"loc":{"start":{"line":22,"column":8},"end":{"line":22,"column":94}},"type":"binary-expr","locations":[{"start":{"line":22,"column":8},"end":{"line":22,"column":15}},{"start":{"line":22,"column":20},"end":{"line":22,"column":42}},{"start":{"line":22,"column":46},"end":{"line":22,"column":66}},{"start":{"line":22,"column":70},"end":{"line":22,"column":93}}],"line":22}},"s":{"0":5,"1":5,"2":3,"3":5,"4":3,"5":5,"6":2,"7":5,"8":25,"9":8},"f":{"0":25,"1":5,"2":8},"b":{"0":[3,2],"1":[3,2],"2":[2,3],"3":[5,20],"4":[25,7,4,3]},"_coverageSchema":"1a1c01bbd47fc00a2c39e90264f33305004495a9","hash":"c854f710a5980d016f5e591b90cf64953153bc5d"}
,"/Users/Cody/Documents/Projects/ElenaApp/frontend/src/pages/Navigation/Layout/SidebarComponents/NavigationTypeButton.tsx": {"path":"/Users/Cody/Documents/Projects/ElenaApp/frontend/src/pages/Navigation/Layout/SidebarComponents/NavigationTypeButton.tsx","statementMap":{"0":{"start":{"line":19,"column":4},"end":{"line":32,"column":5}},"1":{"start":{"line":26,"column":27},"end":{"line":26,"column":66}}},"fnMap":{"0":{"name":"NavigationTypeButton","decl":{"start":{"line":5,"column":16},"end":{"line":5,"column":36}},"loc":{"start":{"line":18,"column":3},"end":{"line":33,"column":1}},"line":18},"1":{"name":"(anonymous_1)","decl":{"start":{"line":26,"column":21},"end":{"line":26,"column":22}},"loc":{"start":{"line":26,"column":27},"end":{"line":26,"column":66}},"line":26}},"branchMap":{"0":{"loc":{"start":{"line":24,"column":33},"end":{"line":24,"column":119}},"type":"cond-expr","locations":[{"start":{"line":24,"column":75},"end":{"line":24,"column":101}},{"start":{"line":24,"column":104},"end":{"line":24,"column":119}}],"line":24}},"s":{"0":56,"1":5},"f":{"0":56,"1":5},"b":{"0":[18,38]},"_coverageSchema":"1a1c01bbd47fc00a2c39e90264f33305004495a9","hash":"bbcfda3e925c35be0026b642e69dd4f8b8c3b329"}
,"/Users/Cody/Documents/Projects/ElenaApp/frontend/src/pages/Navigation/Map/Map.tsx": {"path":"/Users/Cody/Documents/Projects/ElenaApp/frontend/src/pages/Navigation/Map/Map.tsx","statementMap":{"0":{"start":{"line":30,"column":25},"end":{"line":40,"column":28}},"1":{"start":{"line":42,"column":13},"end":{"line":48,"column":2}},"2":{"start":{"line":50,"column":32},"end":{"line":50,"column":48}},"3":{"start":{"line":52,"column":4},"end":{"line":54,"column":26}},"4":{"start":{"line":53,"column":8},"end":{"line":53,"column":37}},"5":{"start":{"line":56,"column":4},"end":{"line":90,"column":6}},"6":{"start":{"line":74,"column":16},"end":{"line":80,"column":18}}},"fnMap":{"0":{"name":"Map","decl":{"start":{"line":49,"column":24},"end":{"line":49,"column":27}},"loc":{"start":{"line":49,"column":48},"end":{"line":91,"column":1}},"line":49},"1":{"name":"(anonymous_1)","decl":{"start":{"line":52,"column":14},"end":{"line":52,"column":15}},"loc":{"start":{"line":52,"column":20},"end":{"line":54,"column":5}},"line":52},"2":{"name":"(anonymous_2)","decl":{"start":{"line":73,"column":22},"end":{"line":73,"column":23}},"loc":{"start":{"line":74,"column":16},"end":{"line":80,"column":18}},"line":74}},"branchMap":{},"s":{"0":0,"1":0,"2":0,"3":0,"4":0,"5":0,"6":0},"f":{"0":0,"1":0,"2":0},"b":{}}
,"/Users/Cody/Documents/Projects/ElenaApp/frontend/src/pages/Navigation/Map/RoutingMachine.tsx": {"path":"/Users/Cody/Documents/Projects/ElenaApp/frontend/src/pages/Navigation/Map/RoutingMachine.tsx","statementMap":{"0":{"start":{"line":12,"column":34},"end":{"line":38,"column":1}},"1":{"start":{"line":18,"column":21},"end":{"line":35,"column":6}},"2":{"start":{"line":37,"column":4},"end":{"line":37,"column":20}},"3":{"start":{"line":40,"column":23},"end":{"line":40,"column":72}}},"fnMap":{"0":{"name":"(anonymous_0)","decl":{"start":{"line":12,"column":34},"end":{"line":12,"column":35}},"loc":{"start":{"line":17,"column":20},"end":{"line":38,"column":1}},"line":17}},"branchMap":{},"s":{"0":0,"1":0,"2":0,"3":0},"f":{"0":0},"b":{}}
,"/Users/Cody/Documents/Projects/ElenaApp/frontend/src/style/theme.ts": {"path":"/Users/Cody/Documents/Projects/ElenaApp/frontend/src/style/theme.ts","statementMap":{"0":{"start":{"line":1,"column":42},"end":{"line":1,"column":51}},"1":{"start":{"line":3,"column":21},"end":{"line":3,"column":23}}},"fnMap":{},"branchMap":{},"s":{"0":2,"1":2},"f":{},"b":{},"_coverageSchema":"1a1c01bbd47fc00a2c39e90264f33305004495a9","hash":"e564a825e14a9fa1825049044df5ecc3f9ab2905"}
,"/Users/Cody/Documents/Projects/ElenaApp/frontend/src/util/constants.ts": {"path":"/Users/Cody/Documents/Projects/ElenaApp/frontend/src/util/constants.ts","statementMap":{"0":{"start":{"line":1,"column":23},"end":{"line":1,"column":46}},"1":{"start":{"line":3,"column":26},"end":{"line":3,"column":34}},"2":{"start":{"line":5,"column":20},"end":{"line":5,"column":35}}},"fnMap":{"0":{"name":"(anonymous_0)","decl":{"start":{"line":5,"column":20},"end":{"line":5,"column":21}},"loc":{"start":{"line":5,"column":32},"end":{"line":5,"column":35}},"line":5}},"branchMap":{},"s":{"0":2,"1":2,"2":2},"f":{"0":1},"b":{},"_coverageSchema":"1a1c01bbd47fc00a2c39e90264f33305004495a9","hash":"4196f7551d43e69ee51252efc2628f391a93605e"}
,"/Users/Cody/Documents/Projects/ElenaApp/frontend/src/util/network.ts": {"path":"/Users/Cody/Documents/Projects/ElenaApp/frontend/src/util/network.ts","statementMap":{"0":{"start":{"line":10,"column":8},"end":{"line":27,"column":11}},"1":{"start":{"line":19,"column":28},"end":{"line":19,"column":43}},"2":{"start":{"line":20,"column":12},"end":{"line":24,"column":13}},"3":{"start":{"line":21,"column":16},"end":{"line":21,"column":42}},"4":{"start":{"line":23,"column":16},"end":{"line":23,"column":92}},"5":{"start":{"line":26,"column":12},"end":{"line":26,"column":84}}},"fnMap":{"0":{"name":"(anonymous_0)","decl":{"start":{"line":8,"column":4},"end":{"line":8,"column":5}},"loc":{"start":{"line":8,"column":83},"end":{"line":28,"column":5}},"line":8},"1":{"name":"(anonymous_1)","decl":{"start":{"line":19,"column":16},"end":{"line":19,"column":17}},"loc":{"start":{"line":19,"column":28},"end":{"line":19,"column":43}},"line":19},"2":{"name":"(anonymous_2)","decl":{"start":{"line":19,"column":50},"end":{"line":19,"column":51}},"loc":{"start":{"line":19,"column":58},"end":{"line":25,"column":9}},"line":19},"3":{"name":"(anonymous_3)","decl":{"start":{"line":25,"column":17},"end":{"line":25,"column":18}},"loc":{"start":{"line":25,"column":26},"end":{"line":27,"column":9}},"line":25}},"branchMap":{"0":{"loc":{"start":{"line":20,"column":12},"end":{"line":24,"column":13}},"type":"if","locations":[{"start":{"line":20,"column":12},"end":{"line":24,"column":13}},{"start":{"line":22,"column":19},"end":{"line":24,"column":13}}],"line":20}},"s":{"0":5,"1":3,"2":3,"3":2,"4":1,"5":3},"f":{"0":5,"1":3,"2":3,"3":3},"b":{"0":[2,1]},"_coverageSchema":"1a1c01bbd47fc00a2c39e90264f33305004495a9","hash":"5f4acf5261b6bf76f9d67e5460b03163bf0512c8"}
}
