{"/Users/Cody/Documents/Projects/ElenaApp/frontend/src/App.tsx": {"path":"/Users/Cody/Documents/Projects/ElenaApp/frontend/src/App.tsx","statementMap":{"0":{"start":{"line":9,"column":28},"end":{"line":9,"column":63}},"1":{"start":{"line":11,"column":2},"end":{"line":23,"column":4}}},"fnMap":{"0":{"name":"App","decl":{"start":{"line":7,"column":9},"end":{"line":7,"column":12}},"loc":{"start":{"line":7,"column":15},"end":{"line":24,"column":1}},"line":7}},"branchMap":{"0":{"loc":{"start":{"line":13,"column":7},"end":{"line":21,"column":9}},"type":"cond-expr","locations":[{"start":{"line":14,"column":8},"end":{"line":14,"column":46}},{"start":{"line":17,"column":10},"end":{"line":20,"column":19}}],"line":13}},"s":{"0":1,"1":1},"f":{"0":1},"b":{"0":[1,0]},"_coverageSchema":"332fd63041d2c1bcb487cc26dd0d5f7d97098a6c","hash":"013896c03ef8fa5a375ff53175b4340cc1c02b06"}
,"/Users/Cody/Documents/Projects/ElenaApp/frontend/src/index.js": {"path":"/Users/Cody/Documents/Projects/ElenaApp/frontend/src/index.js","statementMap":{"0":{"start":{"line":1,"column":0},"end":{"line":null,"column":-1}},"1":{"start":{"line":2,"column":0},"end":{"line":null,"column":-1}},"2":{"start":{"line":3,"column":0},"end":{"line":null,"column":-1}},"3":{"start":{"line":4,"column":0},"end":{"line":null,"column":-1}},"4":{"start":{"line":5,"column":0},"end":{"line":null,"column":-1}},"5":{"start":{"line":5,"column":24},"end":{"line":null,"column":-1}},"6":{"start":{"line":7,"column":13},"end":{"line":7,"column":65}},"7":{"start":{"line":8,"column":0},"end":{"line":12,"column":1}}},"fnMap":{},"branchMap":{},"s":{"0":0,"1":0,"2":0,"3":0,"4":0,"5":0,"6":0,"7":0},"f":{},"b":{}}
,"/Users/Cody/Documents/Projects/ElenaApp/frontend/src/setupTests.js": {"path":"/Users/Cody/Documents/Projects/ElenaApp/frontend/src/setupTests.js","statementMap":{"0":{"start":{"line":3,"column":0},"end":{"line":3,"column":23}}},"fnMap":{},"branchMap":{},"s":{"0":6},"f":{},"b":{},"_coverageSchema":"332fd63041d2c1bcb487cc26dd0d5f7d97098a6c","hash":"42569cd68ac5d2a3468b52a6b661ef2b185f259d"}
,"/Users/Cody/Documents/Projects/ElenaApp/frontend/src/pages/Authentication/Authentication.tsx": {"path":"/Users/Cody/Documents/Projects/ElenaApp/frontend/src/pages/Authentication/Authentication.tsx","statementMap":{"0":{"start":{"line":20,"column":36},"end":{"line":20,"column":62}},"1":{"start":{"line":21,"column":36},"end":{"line":21,"column":62}},"2":{"start":{"line":22,"column":30},"end":{"line":22,"column":56}},"3":{"start":{"line":24,"column":27},"end":{"line":26,"column":5}},"4":{"start":{"line":25,"column":8},"end":{"line":25,"column":40}},"5":{"start":{"line":28,"column":27},"end":{"line":30,"column":5}},"6":{"start":{"line":29,"column":8},"end":{"line":29,"column":40}},"7":{"start":{"line":33,"column":8},"end":{"line":36,"column":9}},"8":{"start":{"line":34,"column":12},"end":{"line":34,"column":61}},"9":{"start":{"line":35,"column":12},"end":{"line":35,"column":19}},"10":{"start":{"line":38,"column":8},"end":{"line":45,"column":11}},"11":{"start":{"line":39,"column":12},"end":{"line":39,"column":28}},"12":{"start":{"line":40,"column":12},"end":{"line":40,"column":28}},"13":{"start":{"line":41,"column":12},"end":{"line":41,"column":25}},"14":{"start":{"line":42,"column":12},"end":{"line":42,"column":28}},"15":{"start":{"line":44,"column":12},"end":{"line":44,"column":36}},"16":{"start":{"line":50,"column":4},"end":{"line":105,"column":5}}},"fnMap":{"0":{"name":"Authentication","decl":{"start":{"line":16,"column":24},"end":{"line":16,"column":38}},"loc":{"start":{"line":18,"column":2},"end":{"line":106,"column":1}},"line":18},"1":{"name":"(anonymous_1)","decl":{"start":{"line":24,"column":27},"end":{"line":24,"column":28}},"loc":{"start":{"line":24,"column":75},"end":{"line":26,"column":5}},"line":24},"2":{"name":"(anonymous_2)","decl":{"start":{"line":28,"column":27},"end":{"line":28,"column":28}},"loc":{"start":{"line":28,"column":75},"end":{"line":30,"column":5}},"line":28},"3":{"name":"triggerLogin","decl":{"start":{"line":32,"column":19},"end":{"line":32,"column":31}},"loc":{"start":{"line":32,"column":34},"end":{"line":47,"column":5}},"line":32},"4":{"name":"(anonymous_4)","decl":{"start":{"line":38,"column":47},"end":{"line":38,"column":48}},"loc":{"start":{"line":38,"column":58},"end":{"line":43,"column":9}},"line":38},"5":{"name":"(anonymous_5)","decl":{"start":{"line":43,"column":17},"end":{"line":43,"column":18}},"loc":{"start":{"line":43,"column":33},"end":{"line":45,"column":9}},"line":43}},"branchMap":{"0":{"loc":{"start":{"line":33,"column":8},"end":{"line":36,"column":9}},"type":"if","locations":[{"start":{"line":33,"column":8},"end":{"line":36,"column":9}},{"start":{"line":33,"column":8},"end":{"line":36,"column":9}}],"line":33},"1":{"loc":{"start":{"line":33,"column":12},"end":{"line":33,"column":50}},"type":"binary-expr","locations":[{"start":{"line":33,"column":12},"end":{"line":33,"column":29}},{"start":{"line":33,"column":33},"end":{"line":33,"column":50}}],"line":33},"2":{"loc":{"start":{"line":95,"column":29},"end":{"line":99,"column":29}},"type":"binary-expr","locations":[{"start":{"line":95,"column":29},"end":{"line":95,"column":44}},{"start":{"line":96,"column":32},"end":{"line":98,"column":40}}],"line":95}},"s":{"0":18,"1":18,"2":18,"3":18,"4":3,"5":18,"6":3,"7":5,"8":3,"9":3,"10":2,"11":1,"12":1,"13":1,"14":1,"15":1,"16":18},"f":{"0":18,"1":3,"2":3,"3":5,"4":1,"5":1},"b":{"0":[3,2],"1":[5,3],"2":[18,4]},"_coverageSchema":"332fd63041d2c1bcb487cc26dd0d5f7d97098a6c","hash":"51052e6ff3b3b72d691c74bbbedde50947c991a1"}
,"/Users/Cody/Documents/Projects/ElenaApp/frontend/src/pages/Navigation/Navigation.tsx": {"path":"/Users/Cody/Documents/Projects/ElenaApp/frontend/src/pages/Navigation/Navigation.tsx","statementMap":{"0":{"start":{"line":5,"column":4},"end":{"line":9,"column":5}}},"fnMap":{"0":{"name":"Navigation","decl":{"start":{"line":4,"column":24},"end":{"line":4,"column":34}},"loc":{"start":{"line":4,"column":37},"end":{"line":10,"column":1}},"line":4}},"branchMap":{},"s":{"0":1},"f":{"0":1},"b":{},"_coverageSchema":"332fd63041d2c1bcb487cc26dd0d5f7d97098a6c","hash":"5e3cb9565f952ba9f41f04aed51455d9ed2cc14d"}
,"/Users/Cody/Documents/Projects/ElenaApp/frontend/src/shared/Footer.tsx": {"path":"/Users/Cody/Documents/Projects/ElenaApp/frontend/src/shared/Footer.tsx","statementMap":{"0":{"start":{"line":5,"column":4},"end":{"line":9,"column":5}}},"fnMap":{"0":{"name":"Footer","decl":{"start":{"line":4,"column":24},"end":{"line":4,"column":30}},"loc":{"start":{"line":4,"column":33},"end":{"line":10,"column":1}},"line":4}},"branchMap":{},"s":{"0":1},"f":{"0":1},"b":{},"_coverageSchema":"332fd63041d2c1bcb487cc26dd0d5f7d97098a6c","hash":"2119ba60f4284b7ca155969cc5d92aedeb8523e9"}
,"/Users/Cody/Documents/Projects/ElenaApp/frontend/src/shared/Header.tsx": {"path":"/Users/Cody/Documents/Projects/ElenaApp/frontend/src/shared/Header.tsx","statementMap":{"0":{"start":{"line":5,"column":4},"end":{"line":9,"column":5}}},"fnMap":{"0":{"name":"Header","decl":{"start":{"line":4,"column":24},"end":{"line":4,"column":30}},"loc":{"start":{"line":4,"column":33},"end":{"line":10,"column":1}},"line":4}},"branchMap":{},"s":{"0":1},"f":{"0":1},"b":{},"_coverageSchema":"332fd63041d2c1bcb487cc26dd0d5f7d97098a6c","hash":"265e3527baedc45481c10cec6ee87ad3e52610d1"}
,"/Users/Cody/Documents/Projects/ElenaApp/frontend/src/style/theme.ts": {"path":"/Users/Cody/Documents/Projects/ElenaApp/frontend/src/style/theme.ts","statementMap":{"0":{"start":{"line":1,"column":21},"end":{"line":1,"column":23}},"1":{"start":{"line":1,"column":24},"end":{"line":null,"column":-1}}},"fnMap":{},"branchMap":{},"s":{"0":0,"1":0},"f":{},"b":{}}
,"/Users/Cody/Documents/Projects/ElenaApp/frontend/src/test/setupTests.ts": {"path":"/Users/Cody/Documents/Projects/ElenaApp/frontend/src/test/setupTests.ts","statementMap":{"0":{"start":{"line":1,"column":0},"end":{"line":null,"column":-1}},"1":{"start":{"line":3,"column":0},"end":{"line":3,"column":23}}},"fnMap":{},"branchMap":{},"s":{"0":0,"1":0},"f":{},"b":{}}
,"/Users/Cody/Documents/Projects/ElenaApp/frontend/src/test/coverage/lcov-report/prettify.js": {"path":"/Users/Cody/Documents/Projects/ElenaApp/frontend/src/test/coverage/lcov-report/prettify.js","statementMap":{"0":{"start":{"line":1,"column":0},"end":{"line":1,"column":38}},"1":{"start":{"line":1,"column":39},"end":{"line":1,"column":15784}},"2":{"start":{"line":1,"column":57},"end":{"line":1,"column":103}},"3":{"start":{"line":1,"column":110},"end":{"line":1,"column":270}},"4":{"start":{"line":1,"column":277},"end":{"line":1,"column":379}},"5":{"start":{"line":1,"column":386},"end":{"line":1,"column":644}},"6":{"start":{"line":1,"column":651},"end":{"line":1,"column":794}},"7":{"start":{"line":1,"column":801},"end":{"line":1,"column":1069}},"8":{"start":{"line":1,"column":1076},"end":{"line":1,"column":1234}},"9":{"start":{"line":1,"column":1241},"end":{"line":1,"column":1321}},"10":{"start":{"line":1,"column":1328},"end":{"line":1,"column":1504}},"11":{"start":{"line":1,"column":1511},"end":{"line":1,"column":1665}},"12":{"start":{"line":1,"column":1672},"end":{"line":1,"column":1844}},"13":{"start":{"line":1,"column":1851},"end":{"line":1,"column":1917}},"14":{"start":{"line":1,"column":1924},"end":{"line":1,"column":1939}},"15":{"start":{"line":1,"column":1946},"end":{"line":1,"column":2058}},"16":{"start":{"line":1,"column":2065},"end":{"line":1,"column":2070}},"17":{"start":{"line":1,"column":2077},"end":{"line":1,"column":2082}},"18":{"start":{"line":1,"column":2089},"end":{"line":1,"column":2094}},"19":{"start":{"line":1,"column":2101},"end":{"line":1,"column":2106}},"20":{"start":{"line":1,"column":2113},"end":{"line":1,"column":2118}},"21":{"start":{"line":1,"column":2125},"end":{"line":1,"column":2130}},"22":{"start":{"line":1,"column":2137},"end":{"line":1,"column":2142}},"23":{"start":{"line":1,"column":2149},"end":{"line":1,"column":2154}},"24":{"start":{"line":1,"column":2161},"end":{"line":1,"column":2166}},"25":{"start":{"line":1,"column":2173},"end":{"line":1,"column":2178}},"26":{"start":{"line":1,"column":2185},"end":{"line":1,"column":2190}},"27":{"start":{"line":1,"column":2197},"end":{"line":1,"column":2202}},"28":{"start":{"line":1,"column":2209},"end":{"line":1,"column":2217}},"29":{"start":{"line":1,"column":2224},"end":{"line":1,"column":2523}},"30":{"start":{"line":1,"column":2545},"end":{"line":1,"column":2546}},"31":{"start":{"line":1,"column":2553},"end":{"line":1,"column":2558}},"32":{"start":{"line":1,"column":2566},"end":{"line":1,"column":2571}},"33":{"start":{"line":1,"column":2572},"end":{"line":1,"column":2753}},"34":{"start":{"line":1,"column":2611},"end":{"line":1,"column":2615}},"35":{"start":{"line":1,"column":2616},"end":{"line":1,"column":2752}},"36":{"start":{"line":1,"column":2634},"end":{"line":1,"column":2641}},"37":{"start":{"line":1,"column":2647},"end":{"line":1,"column":2751}},"38":{"start":{"line":1,"column":2730},"end":{"line":1,"column":2736}},"39":{"start":{"line":1,"column":2737},"end":{"line":1,"column":2745}},"40":{"start":{"line":1,"column":2746},"end":{"line":null,"column":-1}},"41":{"start":{"line":1,"column":2760},"end":{"line":1,"column":2789}},"42":{"start":{"line":1,"column":2813},"end":{"line":1,"column":2829}},"43":{"start":{"line":1,"column":2830},"end":{"line":1,"column":2851}},"44":{"start":{"line":1,"column":2842},"end":{"line":1,"column":2851}},"45":{"start":{"line":1,"column":2859},"end":{"line":1,"column":2871}},"46":{"start":{"line":1,"column":2872},"end":{"line":1,"column":2880}},"47":{"start":{"line":1,"column":2881},"end":{"line":1,"column":3053}},"48":{"start":{"line":1,"column":2888},"end":{"line":1,"column":2897}},"49":{"start":{"line":1,"column":2903},"end":{"line":1,"column":3052}},"50":{"start":{"line":1,"column":2924},"end":{"line":1,"column":2958}},"51":{"start":{"line":1,"column":2964},"end":{"line":1,"column":3051}},"52":{"start":{"line":1,"column":2987},"end":{"line":1,"column":3022}},"53":{"start":{"line":1,"column":3028},"end":{"line":1,"column":3051}},"54":{"start":{"line":1,"column":3070},"end":{"line":1,"column":3122}},"55":{"start":{"line":1,"column":3080},"end":{"line":1,"column":3122}},"56":{"start":{"line":1,"column":3130},"end":{"line":1,"column":3153}},"57":{"start":{"line":1,"column":3154},"end":{"line":1,"column":3208}},"58":{"start":{"line":1,"column":3198},"end":{"line":1,"column":3208}},"59":{"start":{"line":1,"column":3209},"end":{"line":1,"column":3218}},"60":{"start":{"line":1,"column":3241},"end":{"line":1,"column":3392}},"61":{"start":{"line":1,"column":3400},"end":{"line":1,"column":3402}},"62":{"start":{"line":1,"column":3410},"end":{"line":1,"column":3412}},"63":{"start":{"line":1,"column":3420},"end":{"line":1,"column":3431}},"64":{"start":{"line":1,"column":3432},"end":{"line":1,"column":3795}},"65":{"start":{"line":1,"column":3482},"end":{"line":1,"column":3488}},"66":{"start":{"line":1,"column":3489},"end":{"line":1,"column":3794}},"67":{"start":{"line":1,"column":3514},"end":{"line":1,"column":3525}},"68":{"start":{"line":1,"column":3538},"end":{"line":1,"column":3544}},"69":{"start":{"line":1,"column":3552},"end":{"line":1,"column":3612}},"70":{"start":{"line":1,"column":3580},"end":{"line":1,"column":3595}},"71":{"start":{"line":1,"column":3596},"end":{"line":1,"column":3601}},"72":{"start":{"line":1,"column":3607},"end":{"line":1,"column":3612}},"73":{"start":{"line":1,"column":3613},"end":{"line":1,"column":3629}},"74":{"start":{"line":1,"column":3630},"end":{"line":1,"column":3793}},"75":{"start":{"line":1,"column":3651},"end":{"line":1,"column":3719}},"76":{"start":{"line":1,"column":3671},"end":{"line":1,"column":3719}},"77":{"start":{"line":1,"column":3720},"end":{"line":1,"column":3792}},"78":{"start":{"line":1,"column":3741},"end":{"line":1,"column":3792}},"79":{"start":{"line":1,"column":3796},"end":{"line":1,"column":3856}},"80":{"start":{"line":1,"column":3820},"end":{"line":1,"column":3854}},"81":{"start":{"line":1,"column":3864},"end":{"line":1,"column":3866}},"82":{"start":{"line":1,"column":3874},"end":{"line":1,"column":3883}},"83":{"start":{"line":1,"column":3884},"end":{"line":1,"column":3997}},"84":{"start":{"line":1,"column":3923},"end":{"line":1,"column":3929}},"85":{"start":{"line":1,"column":3930},"end":{"line":1,"column":3996}},"86":{"start":{"line":1,"column":3949},"end":{"line":1,"column":3976}},"87":{"start":{"line":1,"column":3982},"end":{"line":1,"column":3996}},"88":{"start":{"line":1,"column":4005},"end":{"line":1,"column":4010}},"89":{"start":{"line":1,"column":4011},"end":{"line":1,"column":4030}},"90":{"start":{"line":1,"column":4018},"end":{"line":1,"column":4030}},"91":{"start":{"line":1,"column":4031},"end":{"line":1,"column":4051}},"92":{"start":{"line":1,"column":4052},"end":{"line":1,"column":4181}},"93":{"start":{"line":1,"column":4091},"end":{"line":1,"column":4097}},"94":{"start":{"line":1,"column":4098},"end":{"line":1,"column":4115}},"95":{"start":{"line":1,"column":4116},"end":{"line":1,"column":4180}},"96":{"start":{"line":1,"column":4132},"end":{"line":1,"column":4162}},"97":{"start":{"line":1,"column":4150},"end":{"line":1,"column":4162}},"98":{"start":{"line":1,"column":4163},"end":{"line":1,"column":4180}},"99":{"start":{"line":1,"column":4182},"end":{"line":1,"column":4194}},"100":{"start":{"line":1,"column":4195},"end":{"line":1,"column":4213}},"101":{"start":{"line":1,"column":4236},"end":{"line":1,"column":4424}},"102":{"start":{"line":1,"column":4432},"end":{"line":1,"column":4441}},"103":{"start":{"line":1,"column":4449},"end":{"line":1,"column":4451}},"104":{"start":{"line":1,"column":4452},"end":{"line":1,"column":4594}},"105":{"start":{"line":1,"column":4489},"end":{"line":1,"column":4495}},"106":{"start":{"line":1,"column":4496},"end":{"line":1,"column":4593}},"107":{"start":{"line":1,"column":4509},"end":{"line":1,"column":4513}},"108":{"start":{"line":1,"column":4519},"end":{"line":1,"column":4592}},"109":{"start":{"line":1,"column":4550},"end":{"line":1,"column":4566}},"110":{"start":{"line":1,"column":4567},"end":{"line":1,"column":4591}},"111":{"start":{"line":1,"column":4582},"end":{"line":1,"column":4591}},"112":{"start":{"line":1,"column":4595},"end":{"line":1,"column":4655}},"113":{"start":{"line":1,"column":4627},"end":{"line":1,"column":4654}},"114":{"start":{"line":1,"column":4643},"end":{"line":1,"column":4654}},"115":{"start":{"line":1,"column":4656},"end":{"line":1,"column":4844}},"116":{"start":{"line":1,"column":4693},"end":{"line":1,"column":4699}},"117":{"start":{"line":1,"column":4700},"end":{"line":1,"column":4843}},"118":{"start":{"line":1,"column":4713},"end":{"line":1,"column":4717}},"119":{"start":{"line":1,"column":4718},"end":{"line":1,"column":4753}},"120":{"start":{"line":1,"column":4741},"end":{"line":1,"column":4753}},"121":{"start":{"line":1,"column":4760},"end":{"line":1,"column":4842}},"122":{"start":{"line":1,"column":4791},"end":{"line":1,"column":4807}},"123":{"start":{"line":1,"column":4808},"end":{"line":1,"column":4841}},"124":{"start":{"line":1,"column":4823},"end":{"line":1,"column":4841}},"125":{"start":{"line":1,"column":4845},"end":{"line":1,"column":4918}},"126":{"start":{"line":1,"column":4875},"end":{"line":1,"column":4917}},"127":{"start":{"line":1,"column":4908},"end":{"line":1,"column":4917}},"128":{"start":{"line":1,"column":4919},"end":{"line":1,"column":5177}},"129":{"start":{"line":1,"column":4940},"end":{"line":1,"column":5176}},"130":{"start":{"line":1,"column":4972},"end":{"line":1,"column":4978}},"131":{"start":{"line":1,"column":4986},"end":{"line":1,"column":4998}},"132":{"start":{"line":1,"column":4999},"end":{"line":1,"column":5175}},"133":{"start":{"line":1,"column":5026},"end":{"line":1,"column":5038}},"134":{"start":{"line":1,"column":5044},"end":{"line":1,"column":5174}},"135":{"start":{"line":1,"column":5058},"end":{"line":1,"column":5174}},"136":{"start":{"line":1,"column":5108},"end":{"line":1,"column":5124}},"137":{"start":{"line":1,"column":5125},"end":{"line":1,"column":5172}},"138":{"start":{"line":1,"column":5178},"end":{"line":1,"column":5196}},"139":{"start":{"line":1,"column":5204},"end":{"line":1,"column":5206}},"140":{"start":{"line":1,"column":5207},"end":{"line":1,"column":5326}},"141":{"start":{"line":1,"column":5246},"end":{"line":1,"column":5250}},"142":{"start":{"line":1,"column":5251},"end":{"line":1,"column":5301}},"143":{"start":{"line":1,"column":5279},"end":{"line":1,"column":5301}},"144":{"start":{"line":1,"column":5302},"end":{"line":1,"column":5326}},"145":{"start":{"line":1,"column":5327},"end":{"line":1,"column":5370}},"146":{"start":{"line":1,"column":5391},"end":{"line":1,"column":5415}},"147":{"start":{"line":1,"column":5422},"end":{"line":1,"column":5424}},"148":{"start":{"line":1,"column":5431},"end":{"line":1,"column":5432}},"149":{"start":{"line":1,"column":5439},"end":{"line":1,"column":5441}},"150":{"start":{"line":1,"column":5448},"end":{"line":1,"column":5449}},"151":{"start":{"line":1,"column":5456},"end":{"line":1,"column":5616}},"152":{"start":{"line":1,"column":5475},"end":{"line":1,"column":5502}},"153":{"start":{"line":1,"column":5508},"end":{"line":1,"column":5615}},"154":{"start":{"line":1,"column":5536},"end":{"line":1,"column":5615}},"155":{"start":{"line":1,"column":5623},"end":{"line":1,"column":5650}},"156":{"start":{"line":1,"column":5667},"end":{"line":1,"column":6044}},"157":{"start":{"line":1,"column":5694},"end":{"line":1,"column":5725}},"158":{"start":{"line":1,"column":5719},"end":{"line":null,"column":-1}},"159":{"start":{"line":1,"column":5726},"end":{"line":1,"column":5779}},"160":{"start":{"line":1,"column":5773},"end":{"line":1,"column":5779}},"161":{"start":{"line":1,"column":5787},"end":{"line":1,"column":5798}},"162":{"start":{"line":1,"column":5799},"end":{"line":1,"column":5862}},"163":{"start":{"line":1,"column":5824},"end":{"line":1,"column":5833}},"164":{"start":{"line":1,"column":5834},"end":{"line":1,"column":5845}},"165":{"start":{"line":1,"column":5846},"end":{"line":1,"column":5862}},"166":{"start":{"line":1,"column":5863},"end":{"line":null,"column":-1}},"167":{"start":{"line":1,"column":5890},"end":{"line":1,"column":5902}},"168":{"start":{"line":1,"column":5903},"end":{"line":1,"column":6038}},"169":{"start":{"line":1,"column":5917},"end":{"line":1,"column":5990}},"170":{"start":{"line":1,"column":5924},"end":{"line":1,"column":5956}},"171":{"start":{"line":1,"column":5962},"end":{"line":1,"column":5990}},"172":{"start":{"line":1,"column":5991},"end":{"line":1,"column":5998}},"173":{"start":{"line":1,"column":5999},"end":{"line":1,"column":6008}},"174":{"start":{"line":1,"column":6009},"end":{"line":1,"column":6021}},"175":{"start":{"line":1,"column":6022},"end":{"line":1,"column":6038}},"176":{"start":{"line":1,"column":6039},"end":{"line":null,"column":-1}},"177":{"start":{"line":1,"column":6046},"end":{"line":1,"column":6051}},"178":{"start":{"line":1,"column":6052},"end":{"line":1,"column":6107}},"179":{"start":{"line":1,"column":6128},"end":{"line":1,"column":6141}},"180":{"start":{"line":1,"column":6135},"end":{"line":null,"column":-1}},"181":{"start":{"line":1,"column":6148},"end":{"line":1,"column":6172}},"182":{"start":{"line":1,"column":6173},"end":{"line":1,"column":6177}},"183":{"start":{"line":1,"column":6178},"end":{"line":1,"column":6207}},"184":{"start":{"line":1,"column":6214},"end":{"line":1,"column":6218}},"185":{"start":{"line":1,"column":6239},"end":{"line":1,"column":6248}},"186":{"start":{"line":1,"column":6249},"end":{"line":1,"column":6361}},"187":{"start":{"line":1,"column":6297},"end":{"line":1,"column":6307}},"188":{"start":{"line":1,"column":6308},"end":{"line":1,"column":6361}},"189":{"start":{"line":1,"column":6362},"end":{"line":1,"column":6386}},"190":{"start":{"line":1,"column":6409},"end":{"line":1,"column":6411}},"191":{"start":{"line":1,"column":6418},"end":{"line":1,"column":6699}},"192":{"start":{"line":1,"column":6437},"end":{"line":1,"column":6448}},"193":{"start":{"line":1,"column":6456},"end":{"line":1,"column":6458}},"194":{"start":{"line":1,"column":6466},"end":{"line":1,"column":6468}},"195":{"start":{"line":1,"column":6469},"end":{"line":1,"column":6664}},"196":{"start":{"line":1,"column":6511},"end":{"line":1,"column":6517}},"197":{"start":{"line":1,"column":6525},"end":{"line":1,"column":6529}},"198":{"start":{"line":1,"column":6530},"end":{"line":1,"column":6587}},"199":{"start":{"line":1,"column":6537},"end":{"line":1,"column":6586}},"200":{"start":{"line":1,"column":6568},"end":{"line":1,"column":6586}},"201":{"start":{"line":1,"column":6595},"end":{"line":1,"column":6599}},"202":{"start":{"line":1,"column":6607},"end":{"line":1,"column":6612}},"203":{"start":{"line":1,"column":6613},"end":{"line":1,"column":6663}},"204":{"start":{"line":1,"column":6640},"end":{"line":1,"column":6651}},"205":{"start":{"line":1,"column":6652},"end":{"line":1,"column":6663}},"206":{"start":{"line":1,"column":6665},"end":{"line":1,"column":6687}},"207":{"start":{"line":1,"column":6688},"end":{"line":1,"column":6695}},"208":{"start":{"line":1,"column":6706},"end":{"line":1,"column":6714}},"209":{"start":{"line":1,"column":6721},"end":{"line":1,"column":7510}},"210":{"start":{"line":1,"column":6740},"end":{"line":1,"column":6753}},"211":{"start":{"line":1,"column":6756},"end":{"line":1,"column":6766}},"212":{"start":{"line":1,"column":6774},"end":{"line":1,"column":6779}},"213":{"start":{"line":1,"column":6787},"end":{"line":1,"column":6788}},"214":{"start":{"line":1,"column":6796},"end":{"line":1,"column":6810}},"215":{"start":{"line":1,"column":6818},"end":{"line":1,"column":6820}},"216":{"start":{"line":1,"column":6821},"end":{"line":1,"column":7491}},"217":{"start":{"line":1,"column":6866},"end":{"line":1,"column":6872}},"218":{"start":{"line":1,"column":6880},"end":{"line":1,"column":6886}},"219":{"start":{"line":1,"column":6894},"end":{"line":1,"column":6900}},"220":{"start":{"line":1,"column":6908},"end":{"line":1,"column":7215}},"221":{"start":{"line":1,"column":6933},"end":{"line":1,"column":6941}},"222":{"start":{"line":1,"column":6954},"end":{"line":1,"column":6969}},"223":{"start":{"line":1,"column":6970},"end":{"line":1,"column":7098}},"224":{"start":{"line":1,"column":6977},"end":{"line":1,"column":6995}},"225":{"start":{"line":1,"column":6996},"end":{"line":1,"column":7004}},"226":{"start":{"line":1,"column":7010},"end":{"line":1,"column":7084}},"227":{"start":{"line":1,"column":7034},"end":{"line":1,"column":7042}},"228":{"start":{"line":1,"column":7043},"end":{"line":1,"column":7061}},"229":{"start":{"line":1,"column":7062},"end":{"line":1,"column":7083}},"230":{"start":{"line":1,"column":7069},"end":{"line":1,"column":7077}},"231":{"start":{"line":1,"column":7078},"end":{"line":null,"column":-1}},"232":{"start":{"line":1,"column":7085},"end":{"line":1,"column":7097}},"233":{"start":{"line":1,"column":7093},"end":{"line":1,"column":7097}},"234":{"start":{"line":1,"column":7099},"end":{"line":1,"column":7143}},"235":{"start":{"line":1,"column":7144},"end":{"line":1,"column":7196}},"236":{"start":{"line":1,"column":7183},"end":{"line":1,"column":7191}},"237":{"start":{"line":1,"column":7192},"end":{"line":1,"column":7196}},"238":{"start":{"line":1,"column":7197},"end":{"line":1,"column":7214}},"239":{"start":{"line":1,"column":7205},"end":{"line":1,"column":7214}},"240":{"start":{"line":1,"column":7223},"end":{"line":1,"column":7225}},"241":{"start":{"line":1,"column":7226},"end":{"line":1,"column":7239}},"242":{"start":{"line":1,"column":7240},"end":{"line":1,"column":7490}},"243":{"start":{"line":1,"column":7248},"end":{"line":1,"column":7264}},"244":{"start":{"line":1,"column":7277},"end":{"line":1,"column":7282}},"245":{"start":{"line":1,"column":7290},"end":{"line":1,"column":7304}},"246":{"start":{"line":1,"column":7312},"end":{"line":1,"column":7324}},"247":{"start":{"line":1,"column":7325},"end":{"line":1,"column":7376}},"248":{"start":{"line":1,"column":7335},"end":{"line":1,"column":7360}},"249":{"start":{"line":1,"column":7361},"end":{"line":1,"column":7376}},"250":{"start":{"line":1,"column":7384},"end":{"line":1,"column":7399}},"251":{"start":{"line":1,"column":7400},"end":{"line":1,"column":7431}},"252":{"start":{"line":1,"column":7432},"end":{"line":1,"column":7457}},"253":{"start":{"line":1,"column":7458},"end":{"line":1,"column":7490}},"254":{"start":{"line":1,"column":7492},"end":{"line":1,"column":7509}},"255":{"start":{"line":1,"column":7511},"end":{"line":1,"column":7519}},"256":{"start":{"line":1,"column":7540},"end":{"line":1,"column":7542}},"257":{"start":{"line":1,"column":7545},"end":{"line":1,"column":7547}},"258":{"start":{"line":1,"column":7548},"end":{"line":1,"column":8034}},"259":{"start":{"line":1,"column":7574},"end":{"line":1,"column":7781}},"260":{"start":{"line":1,"column":7787},"end":{"line":1,"column":8033}},"261":{"start":{"line":1,"column":7810},"end":{"line":1,"column":7936}},"262":{"start":{"line":1,"column":7942},"end":{"line":1,"column":8033}},"263":{"start":{"line":1,"column":8035},"end":{"line":1,"column":8103}},"264":{"start":{"line":1,"column":8057},"end":{"line":1,"column":8103}},"265":{"start":{"line":1,"column":8110},"end":{"line":1,"column":8124}},"266":{"start":{"line":1,"column":8125},"end":{"line":1,"column":8473}},"267":{"start":{"line":1,"column":8131},"end":{"line":1,"column":8472}},"268":{"start":{"line":1,"column":8152},"end":{"line":1,"column":8345}},"269":{"start":{"line":1,"column":8160},"end":{"line":1,"column":8220}},"270":{"start":{"line":1,"column":8226},"end":{"line":1,"column":8345}},"271":{"start":{"line":1,"column":8346},"end":{"line":1,"column":8433}},"272":{"start":{"line":1,"column":8439},"end":{"line":1,"column":8472}},"273":{"start":{"line":1,"column":8474},"end":{"line":1,"column":8570}},"274":{"start":{"line":1,"column":8495},"end":{"line":1,"column":8527}},"275":{"start":{"line":1,"column":8528},"end":{"line":1,"column":8570}},"276":{"start":{"line":1,"column":8571},"end":{"line":1,"column":8745}},"277":{"start":{"line":1,"column":8598},"end":{"line":1,"column":8694}},"278":{"start":{"line":1,"column":8695},"end":{"line":1,"column":8745}},"279":{"start":{"line":1,"column":8752},"end":{"line":1,"column":8759}},"280":{"start":{"line":1,"column":8760},"end":{"line":1,"column":8779}},"281":{"start":{"line":1,"column":8766},"end":{"line":1,"column":8779}},"282":{"start":{"line":1,"column":8786},"end":{"line":1,"column":8822}},"283":{"start":{"line":1,"column":8823},"end":{"line":1,"column":8903}},"284":{"start":{"line":1,"column":8836},"end":{"line":1,"column":8903}},"285":{"start":{"line":1,"column":8904},"end":{"line":1,"column":8941}},"286":{"start":{"line":1,"column":8942},"end":{"line":1,"column":9256}},"287":{"start":{"line":1,"column":9257},"end":{"line":1,"column":9270}},"288":{"start":{"line":1,"column":9277},"end":{"line":1,"column":9371}},"289":{"start":{"line":1,"column":9395},"end":{"line":1,"column":9419}},"290":{"start":{"line":1,"column":9427},"end":{"line":1,"column":9437}},"291":{"start":{"line":1,"column":9445},"end":{"line":1,"column":9460}},"292":{"start":{"line":1,"column":9467},"end":{"line":1,"column":9621}},"293":{"start":{"line":1,"column":9486},"end":{"line":1,"column":9513}},"294":{"start":{"line":1,"column":9519},"end":{"line":1,"column":9620}},"295":{"start":{"line":1,"column":9547},"end":{"line":1,"column":9620}},"296":{"start":{"line":1,"column":9628},"end":{"line":1,"column":9655}},"297":{"start":{"line":1,"column":9663},"end":{"line":1,"column":9685}},"298":{"start":{"line":1,"column":9686},"end":{"line":1,"column":9734}},"299":{"start":{"line":1,"column":9706},"end":{"line":1,"column":9734}},"300":{"start":{"line":1,"column":9741},"end":{"line":1,"column":9745}},"301":{"start":{"line":1,"column":9762},"end":{"line":1,"column":10257}},"302":{"start":{"line":1,"column":9789},"end":{"line":1,"column":9819}},"303":{"start":{"line":1,"column":9814},"end":{"line":null,"column":-1}},"304":{"start":{"line":1,"column":9820},"end":{"line":1,"column":9958}},"305":{"start":{"line":1,"column":9843},"end":{"line":1,"column":9849}},"306":{"start":{"line":1,"column":9850},"end":{"line":1,"column":9897}},"307":{"start":{"line":1,"column":9868},"end":{"line":1,"column":9897}},"308":{"start":{"line":1,"column":9904},"end":{"line":1,"column":9957}},"309":{"start":{"line":1,"column":9951},"end":{"line":1,"column":9957}},"310":{"start":{"line":1,"column":9959},"end":{"line":null,"column":-1}},"311":{"start":{"line":1,"column":9979},"end":{"line":1,"column":10251}},"312":{"start":{"line":1,"column":9992},"end":{"line":1,"column":10004}},"313":{"start":{"line":1,"column":10012},"end":{"line":1,"column":10024}},"314":{"start":{"line":1,"column":10025},"end":{"line":1,"column":10250}},"315":{"start":{"line":1,"column":10039},"end":{"line":1,"column":10063}},"316":{"start":{"line":1,"column":10064},"end":{"line":1,"column":10079}},"317":{"start":{"line":1,"column":10087},"end":{"line":1,"column":10122}},"318":{"start":{"line":1,"column":10123},"end":{"line":1,"column":10204}},"319":{"start":{"line":1,"column":10137},"end":{"line":1,"column":10150}},"320":{"start":{"line":1,"column":10151},"end":{"line":1,"column":10204}},"321":{"start":{"line":1,"column":10205},"end":{"line":1,"column":10211}},"322":{"start":{"line":1,"column":10212},"end":{"line":1,"column":10249}},"323":{"start":{"line":1,"column":10220},"end":{"line":1,"column":10249}},"324":{"start":{"line":1,"column":10252},"end":{"line":null,"column":-1}},"325":{"start":{"line":1,"column":10275},"end":{"line":1,"column":10330}},"326":{"start":{"line":1,"column":10298},"end":{"line":1,"column":10314}},"327":{"start":{"line":1,"column":10315},"end":{"line":1,"column":10329}},"328":{"start":{"line":1,"column":10323},"end":{"line":null,"column":-1}},"329":{"start":{"line":1,"column":10357},"end":{"line":1,"column":10382}},"330":{"start":{"line":1,"column":10390},"end":{"line":1,"column":10403}},"331":{"start":{"line":1,"column":10404},"end":{"line":1,"column":10529}},"332":{"start":{"line":1,"column":10418},"end":{"line":1,"column":10426}},"333":{"start":{"line":1,"column":10434},"end":{"line":1,"column":10448}},"334":{"start":{"line":1,"column":10449},"end":{"line":1,"column":10467}},"335":{"start":{"line":1,"column":10468},"end":{"line":1,"column":10528}},"336":{"start":{"line":1,"column":10492},"end":{"line":1,"column":10509}},"337":{"start":{"line":1,"column":10510},"end":{"line":1,"column":10528}},"338":{"start":{"line":1,"column":10530},"end":{"line":1,"column":10539}},"339":{"start":{"line":1,"column":10547},"end":{"line":1,"column":10567}},"340":{"start":{"line":1,"column":10568},"end":{"line":1,"column":10622}},"341":{"start":{"line":1,"column":10617},"end":{"line":1,"column":10622}},"342":{"start":{"line":1,"column":10623},"end":{"line":1,"column":10633}},"343":{"start":{"line":1,"column":10634},"end":{"line":1,"column":10670}},"344":{"start":{"line":1,"column":10662},"end":{"line":1,"column":10670}},"345":{"start":{"line":1,"column":10671},"end":{"line":1,"column":10716}},"346":{"start":{"line":1,"column":10687},"end":{"line":1,"column":10716}},"347":{"start":{"line":1,"column":10724},"end":{"line":1,"column":10746}},"348":{"start":{"line":1,"column":10747},"end":{"line":1,"column":10770}},"349":{"start":{"line":1,"column":10777},"end":{"line":1,"column":10802}},"350":{"start":{"line":1,"column":10803},"end":{"line":1,"column":10950}},"351":{"start":{"line":1,"column":10835},"end":{"line":1,"column":10842}},"352":{"start":{"line":1,"column":10843},"end":{"line":1,"column":10870}},"353":{"start":{"line":1,"column":10871},"end":{"line":1,"column":10931}},"354":{"start":{"line":1,"column":10890},"end":{"line":1,"column":10931}},"355":{"start":{"line":1,"column":10932},"end":{"line":1,"column":10950}},"356":{"start":{"line":1,"column":10951},"end":{"line":1,"column":10968}},"357":{"start":{"line":1,"column":10991},"end":{"line":1,"column":11027}},"358":{"start":{"line":1,"column":11035},"end":{"line":1,"column":11040}},"359":{"start":{"line":1,"column":11048},"end":{"line":1,"column":11061}},"360":{"start":{"line":1,"column":11069},"end":{"line":1,"column":11078}},"361":{"start":{"line":1,"column":11085},"end":{"line":1,"column":11086}},"362":{"start":{"line":1,"column":11094},"end":{"line":1,"column":11102}},"363":{"start":{"line":1,"column":11109},"end":{"line":1,"column":11118}},"364":{"start":{"line":1,"column":11126},"end":{"line":1,"column":11127}},"365":{"start":{"line":1,"column":11134},"end":{"line":1,"column":11148}},"366":{"start":{"line":1,"column":11155},"end":{"line":1,"column":11163}},"367":{"start":{"line":1,"column":11170},"end":{"line":1,"column":11171}},"368":{"start":{"line":1,"column":11172},"end":{"line":1,"column":11179}},"369":{"start":{"line":1,"column":11190},"end":{"line":1,"column":11272}},"370":{"start":{"line":1,"column":11209},"end":{"line":1,"column":11271}},"371":{"start":{"line":1,"column":11229},"end":{"line":1,"column":11244}},"372":{"start":{"line":1,"column":11245},"end":{"line":1,"column":11260}},"373":{"start":{"line":1,"column":11266},"end":{"line":1,"column":11271}},"374":{"start":{"line":1,"column":11273},"end":{"line":1,"column":11277}},"375":{"start":{"line":1,"column":11278},"end":{"line":1,"column":11394}},"376":{"start":{"line":1,"column":11304},"end":{"line":1,"column":11309}},"377":{"start":{"line":1,"column":11317},"end":{"line":1,"column":11324}},"378":{"start":{"line":1,"column":11331},"end":{"line":1,"column":11335}},"379":{"start":{"line":1,"column":11336},"end":{"line":1,"column":11367}},"380":{"start":{"line":1,"column":11363},"end":{"line":1,"column":11367}},"381":{"start":{"line":1,"column":11368},"end":{"line":1,"column":11378}},"382":{"start":{"line":1,"column":11379},"end":{"line":1,"column":11389}},"383":{"start":{"line":1,"column":11390},"end":{"line":1,"column":11394}},"384":{"start":{"line":1,"column":11395},"end":{"line":1,"column":11408}},"385":{"start":{"line":1,"column":11416},"end":{"line":1,"column":11420}},"386":{"start":{"line":1,"column":11421},"end":{"line":1,"column":11891}},"387":{"start":{"line":1,"column":11440},"end":{"line":1,"column":11446}},"388":{"start":{"line":1,"column":11453},"end":{"line":1,"column":11465}},"389":{"start":{"line":1,"column":11473},"end":{"line":1,"column":11477}},"390":{"start":{"line":1,"column":11485},"end":{"line":1,"column":11495}},"391":{"start":{"line":1,"column":11502},"end":{"line":1,"column":11516}},"392":{"start":{"line":1,"column":11524},"end":{"line":1,"column":11532}},"393":{"start":{"line":1,"column":11539},"end":{"line":1,"column":11856}},"394":{"start":{"line":1,"column":11582},"end":{"line":1,"column":11609}},"395":{"start":{"line":1,"column":11589},"end":{"line":1,"column":11609}},"396":{"start":{"line":1,"column":11610},"end":{"line":1,"column":11624}},"397":{"start":{"line":1,"column":11632},"end":{"line":1,"column":11648}},"398":{"start":{"line":1,"column":11656},"end":{"line":1,"column":11680}},"399":{"start":{"line":1,"column":11681},"end":{"line":1,"column":11700}},"400":{"start":{"line":1,"column":11708},"end":{"line":1,"column":11721}},"401":{"start":{"line":1,"column":11722},"end":{"line":1,"column":11744}},"402":{"start":{"line":1,"column":11745},"end":{"line":1,"column":11763}},"403":{"start":{"line":1,"column":11764},"end":{"line":1,"column":11855}},"404":{"start":{"line":1,"column":11772},"end":{"line":1,"column":11820}},"405":{"start":{"line":1,"column":11821},"end":{"line":1,"column":11855}},"406":{"start":{"line":1,"column":11857},"end":{"line":1,"column":11860}},"407":{"start":{"line":1,"column":11861},"end":{"line":1,"column":11875}},"408":{"start":{"line":1,"column":11870},"end":{"line":1,"column":11875}},"409":{"start":{"line":1,"column":11876},"end":{"line":1,"column":11890}},"410":{"start":{"line":1,"column":11886},"end":{"line":1,"column":11890}},"411":{"start":{"line":1,"column":11899},"end":{"line":1,"column":11901}},"412":{"start":{"line":1,"column":11918},"end":{"line":1,"column":12068}},"413":{"start":{"line":1,"column":11952},"end":{"line":1,"column":11956}},"414":{"start":{"line":1,"column":11957},"end":{"line":1,"column":12067}},"415":{"start":{"line":1,"column":11982},"end":{"line":1,"column":11988}},"416":{"start":{"line":1,"column":11994},"end":{"line":1,"column":12066}},"417":{"start":{"line":1,"column":12013},"end":{"line":1,"column":12066}},"418":{"start":{"line":1,"column":12086},"end":{"line":1,"column":12165}},"419":{"start":{"line":1,"column":12116},"end":{"line":1,"column":12165}},"420":{"start":{"line":1,"column":12166},"end":{"line":1,"column":12177}},"421":{"start":{"line":1,"column":12178},"end":{"line":1,"column":12199}},"422":{"start":{"line":1,"column":12200},"end":{"line":1,"column":12642}},"423":{"start":{"line":1,"column":12643},"end":{"line":1,"column":13151}},"424":{"start":{"line":1,"column":13152},"end":{"line":1,"column":13188}},"425":{"start":{"line":1,"column":13189},"end":{"line":1,"column":13286}},"426":{"start":{"line":1,"column":13287},"end":{"line":1,"column":13330}},"427":{"start":{"line":1,"column":13331},"end":{"line":1,"column":13423}},"428":{"start":{"line":1,"column":13424},"end":{"line":1,"column":13471}},"429":{"start":{"line":1,"column":13472},"end":{"line":1,"column":13549}},"430":{"start":{"line":1,"column":13550},"end":{"line":1,"column":13645}},"431":{"start":{"line":1,"column":13646},"end":{"line":1,"column":13742}},"432":{"start":{"line":1,"column":13743},"end":{"line":1,"column":13827}},"433":{"start":{"line":1,"column":13828},"end":{"line":1,"column":13892}},"434":{"start":{"line":1,"column":13893},"end":{"line":1,"column":14023}},"435":{"start":{"line":1,"column":14024},"end":{"line":1,"column":14059}},"436":{"start":{"line":1,"column":14080},"end":{"line":1,"column":14095}},"437":{"start":{"line":1,"column":14096},"end":{"line":1,"column":14266}},"438":{"start":{"line":1,"column":14106},"end":{"line":1,"column":14121}},"439":{"start":{"line":1,"column":14128},"end":{"line":1,"column":14140}},"440":{"start":{"line":1,"column":14141},"end":{"line":1,"column":14155}},"441":{"start":{"line":1,"column":14156},"end":{"line":1,"column":14171}},"442":{"start":{"line":1,"column":14172},"end":{"line":1,"column":14183}},"443":{"start":{"line":1,"column":14184},"end":{"line":1,"column":14193}},"444":{"start":{"line":1,"column":14194},"end":{"line":1,"column":14198}},"445":{"start":{"line":1,"column":14208},"end":{"line":1,"column":14265}},"446":{"start":{"line":1,"column":14232},"end":{"line":1,"column":14265}},"447":{"start":{"line":1,"column":14292},"end":{"line":1,"column":14321}},"448":{"start":{"line":1,"column":14322},"end":{"line":1,"column":14335}},"449":{"start":{"line":1,"column":14336},"end":{"line":1,"column":14348}},"450":{"start":{"line":1,"column":14342},"end":{"line":1,"column":14348}},"451":{"start":{"line":1,"column":14355},"end":{"line":1,"column":14399}},"452":{"start":{"line":1,"column":14400},"end":{"line":1,"column":14404}},"453":{"start":{"line":1,"column":14405},"end":{"line":1,"column":14423}},"454":{"start":{"line":1,"column":14454},"end":{"line":1,"column":14494}},"455":{"start":{"line":1,"column":14502},"end":{"line":1,"column":14531}},"456":{"start":{"line":1,"column":14538},"end":{"line":1,"column":14540}},"457":{"start":{"line":1,"column":14541},"end":{"line":1,"column":14628}},"458":{"start":{"line":1,"column":14573},"end":{"line":1,"column":14627}},"459":{"start":{"line":1,"column":14610},"end":{"line":1,"column":14627}},"460":{"start":{"line":1,"column":14629},"end":{"line":1,"column":14636}},"461":{"start":{"line":1,"column":14643},"end":{"line":1,"column":14647}},"462":{"start":{"line":1,"column":14648},"end":{"line":1,"column":14697}},"463":{"start":{"line":1,"column":14659},"end":{"line":1,"column":14697}},"464":{"start":{"line":1,"column":14677},"end":{"line":1,"column":14695}},"465":{"start":{"line":1,"column":14704},"end":{"line":1,"column":14705}},"466":{"start":{"line":1,"column":14719},"end":{"line":1,"column":14751}},"467":{"start":{"line":1,"column":14759},"end":{"line":1,"column":14776}},"468":{"start":{"line":1,"column":14798},"end":{"line":1,"column":14853}},"469":{"start":{"line":1,"column":14854},"end":{"line":1,"column":15433}},"470":{"start":{"line":1,"column":14894},"end":{"line":1,"column":14898}},"471":{"start":{"line":1,"column":14906},"end":{"line":1,"column":14918}},"472":{"start":{"line":1,"column":14919},"end":{"line":1,"column":15432}},"473":{"start":{"line":1,"column":14959},"end":{"line":1,"column":14971}},"474":{"start":{"line":1,"column":14979},"end":{"line":1,"column":15045}},"475":{"start":{"line":1,"column":15020},"end":{"line":1,"column":15045}},"476":{"start":{"line":1,"column":15046},"end":{"line":1,"column":15061}},"477":{"start":{"line":1,"column":15053},"end":{"line":1,"column":15061}},"478":{"start":{"line":1,"column":15069},"end":{"line":1,"column":15074}},"479":{"start":{"line":1,"column":15075},"end":{"line":1,"column":15255}},"480":{"start":{"line":1,"column":15121},"end":{"line":1,"column":15254}},"481":{"start":{"line":1,"column":15241},"end":{"line":1,"column":15248}},"482":{"start":{"line":1,"column":15249},"end":{"line":null,"column":-1}},"483":{"start":{"line":1,"column":15256},"end":{"line":1,"column":15431}},"484":{"start":{"line":1,"column":15271},"end":{"line":1,"column":15316}},"485":{"start":{"line":1,"column":15317},"end":{"line":1,"column":15360}},"486":{"start":{"line":1,"column":15361},"end":{"line":1,"column":15376}},"487":{"start":{"line":1,"column":15368},"end":{"line":1,"column":15376}},"488":{"start":{"line":1,"column":15377},"end":{"line":1,"column":15426}},"489":{"start":{"line":1,"column":15427},"end":{"line":1,"column":15431}},"490":{"start":{"line":1,"column":15434},"end":{"line":1,"column":15484}},"491":{"start":{"line":1,"column":15449},"end":{"line":1,"column":15466}},"492":{"start":{"line":1,"column":15472},"end":{"line":1,"column":15483}},"493":{"start":{"line":1,"column":15479},"end":{"line":1,"column":15483}},"494":{"start":{"line":1,"column":15486},"end":{"line":1,"column":15489}},"495":{"start":{"line":1,"column":15490},"end":{"line":1,"column":15513}},"496":{"start":{"line":1,"column":15514},"end":{"line":1,"column":15534}},"497":{"start":{"line":1,"column":15535},"end":{"line":1,"column":15780}},"498":{"start":{"line":1,"column":15785},"end":{"line":1,"column":16549}},"499":{"start":{"line":1,"column":16550},"end":{"line":1,"column":17329}},"500":{"start":{"line":1,"column":17330},"end":{"line":1,"column":17475}},"501":{"start":{"line":1,"column":17476},"end":{"line":1,"column":17567}}},"fnMap":{"0":{"name":"(anonymous_0)","decl":{"start":{"line":1,"column":40},"end":{"line":1,"column":49}},"loc":{"start":{"line":1,"column":50},"end":{"line":1,"column":15781}}},"1":{"name":"k","decl":{"start":{"line":1,"column":2533},"end":{"line":1,"column":2534}},"loc":{"start":{"line":1,"column":2537},"end":{"line":1,"column":5370}}},"2":{"name":"ab","decl":{"start":{"line":1,"column":2799},"end":{"line":1,"column":2801}},"loc":{"start":{"line":1,"column":2805},"end":{"line":1,"column":3054}}},"3":{"name":"T","decl":{"start":{"line":1,"column":3064},"end":{"line":1,"column":3065}},"loc":{"start":{"line":1,"column":3069},"end":{"line":1,"column":3218}}},"4":{"name":"X","decl":{"start":{"line":1,"column":3228},"end":{"line":1,"column":3229}},"loc":{"start":{"line":1,"column":3233},"end":{"line":1,"column":4213}}},"5":{"name":"(anonymous_5)","decl":{"start":{"line":1,"column":3804},"end":{"line":1,"column":3812}},"loc":{"start":{"line":1,"column":3819},"end":{"line":1,"column":3855}}},"6":{"name":"W","decl":{"start":{"line":1,"column":4223},"end":{"line":1,"column":4224}},"loc":{"start":{"line":1,"column":4228},"end":{"line":1,"column":5196}}},"7":{"name":"(anonymous_7)","decl":{"start":{"line":1,"column":5088},"end":{"line":1,"column":5096}},"loc":{"start":{"line":1,"column":5100},"end":{"line":1,"column":5173}}},"8":{"name":"a","decl":{"start":{"line":1,"column":5380},"end":{"line":1,"column":5381}},"loc":{"start":{"line":1,"column":5384},"end":{"line":1,"column":6107}}},"9":{"name":"aa","decl":{"start":{"line":1,"column":5660},"end":{"line":1,"column":5662}},"loc":{"start":{"line":1,"column":5666},"end":{"line":1,"column":6045}}},"10":{"name":"B","decl":{"start":{"line":1,"column":6117},"end":{"line":1,"column":6118}},"loc":{"start":{"line":1,"column":6127},"end":{"line":1,"column":6207}}},"11":{"name":"o","decl":{"start":{"line":1,"column":6228},"end":{"line":1,"column":6229}},"loc":{"start":{"line":1,"column":6232},"end":{"line":1,"column":6386}}},"12":{"name":"g","decl":{"start":{"line":1,"column":6396},"end":{"line":1,"column":6397}},"loc":{"start":{"line":1,"column":6402},"end":{"line":1,"column":7519}}},"13":{"name":"(anonymous_13)","decl":{"start":{"line":1,"column":6419},"end":{"line":1,"column":6428}},"loc":{"start":{"line":1,"column":6429},"end":{"line":1,"column":6696}}},"14":{"name":"(anonymous_14)","decl":{"start":{"line":1,"column":6721},"end":{"line":1,"column":6729}},"loc":{"start":{"line":1,"column":6733},"end":{"line":1,"column":7510}}},"15":{"name":"i","decl":{"start":{"line":1,"column":7529},"end":{"line":1,"column":7530}},"loc":{"start":{"line":1,"column":7533},"end":{"line":1,"column":9270}}},"16":{"name":"Q","decl":{"start":{"line":1,"column":9381},"end":{"line":1,"column":9382}},"loc":{"start":{"line":1,"column":9388},"end":{"line":1,"column":10968}}},"17":{"name":"ae","decl":{"start":{"line":1,"column":9755},"end":{"line":1,"column":9757}},"loc":{"start":{"line":1,"column":9761},"end":{"line":1,"column":10258}}},"18":{"name":"ad","decl":{"start":{"line":1,"column":10268},"end":{"line":1,"column":10270}},"loc":{"start":{"line":1,"column":10274},"end":{"line":1,"column":10633}}},"19":{"name":"ai","decl":{"start":{"line":1,"column":10340},"end":{"line":1,"column":10342}},"loc":{"start":{"line":1,"column":10349},"end":{"line":1,"column":10539}}},"20":{"name":"D","decl":{"start":{"line":1,"column":10978},"end":{"line":1,"column":10979}},"loc":{"start":{"line":1,"column":10983},"end":{"line":1,"column":11892}}},"21":{"name":"c","decl":{"start":{"line":1,"column":11911},"end":{"line":1,"column":11912}},"loc":{"start":{"line":1,"column":11917},"end":{"line":1,"column":12069}}},"22":{"name":"q","decl":{"start":{"line":1,"column":12079},"end":{"line":1,"column":12080}},"loc":{"start":{"line":1,"column":12085},"end":{"line":1,"column":12177}}},"23":{"name":"d","decl":{"start":{"line":1,"column":14069},"end":{"line":1,"column":14070}},"loc":{"start":{"line":1,"column":14073},"end":{"line":1,"column":14267}}},"24":{"name":"y","decl":{"start":{"line":1,"column":14277},"end":{"line":1,"column":14278}},"loc":{"start":{"line":1,"column":14285},"end":{"line":1,"column":14423}}},"25":{"name":"b","decl":{"start":{"line":1,"column":14433},"end":{"line":1,"column":14434}},"loc":{"start":{"line":1,"column":14438},"end":{"line":1,"column":15489}}},"26":{"name":"Y","decl":{"start":{"line":1,"column":14448},"end":{"line":1,"column":14449}},"loc":{"start":{"line":1,"column":14453},"end":{"line":1,"column":14494}}},"27":{"name":"(anonymous_27)","decl":{"start":{"line":1,"column":14666},"end":{"line":1,"column":14675}},"loc":{"start":{"line":1,"column":14676},"end":{"line":1,"column":14695}}},"28":{"name":"U","decl":{"start":{"line":1,"column":14786},"end":{"line":1,"column":14787}},"loc":{"start":{"line":1,"column":14789},"end":{"line":1,"column":15485}}}},"branchMap":{"0":{"loc":{"start":{"line":1,"column":2616},"end":{"line":1,"column":2752}},"type":"if","locations":[{"start":{"line":1,"column":2616},"end":{"line":1,"column":2752}},{"start":{"line":1,"column":2616},"end":{"line":1,"column":2752}}]},"1":{"loc":{"start":{"line":1,"column":2647},"end":{"line":1,"column":2751}},"type":"if","locations":[{"start":{"line":1,"column":2647},"end":{"line":1,"column":2751}},{"start":{"line":1,"column":2647},"end":{"line":1,"column":2751}}]},"2":{"loc":{"start":{"line":1,"column":2830},"end":{"line":1,"column":2851}},"type":"if","locations":[{"start":{"line":1,"column":2830},"end":{"line":1,"column":2851}},{"start":{"line":1,"column":2830},"end":{"line":1,"column":2851}}]},"3":{"loc":{"start":{"line":1,"column":2881},"end":{"line":1,"column":3053}},"type":"if","locations":[{"start":{"line":1,"column":2881},"end":{"line":1,"column":3053}},{"start":{"line":1,"column":2881},"end":{"line":1,"column":3053}}]},"4":{"loc":{"start":{"line":1,"column":2903},"end":{"line":1,"column":3052}},"type":"if","locations":[{"start":{"line":1,"column":2903},"end":{"line":1,"column":3052}},{"start":{"line":1,"column":2903},"end":{"line":1,"column":3052}}]},"5":{"loc":{"start":{"line":1,"column":2906},"end":{"line":1,"column":2913}},"type":"binary-expr","locations":[{"start":{"line":1,"column":2906},"end":{"line":1,"column":2913}},{"start":{"line":1,"column":2915},"end":{"line":1,"column":2922}}]},"6":{"loc":{"start":{"line":1,"column":2964},"end":{"line":1,"column":3051}},"type":"if","locations":[{"start":{"line":1,"column":2964},"end":{"line":1,"column":3051}},{"start":{"line":1,"column":2964},"end":{"line":1,"column":3051}}]},"7":{"loc":{"start":{"line":1,"column":2967},"end":{"line":1,"column":2975}},"type":"binary-expr","locations":[{"start":{"line":1,"column":2967},"end":{"line":1,"column":2975}},{"start":{"line":1,"column":2977},"end":{"line":1,"column":2985}}]},"8":{"loc":{"start":{"line":1,"column":3070},"end":{"line":1,"column":3122}},"type":"if","locations":[{"start":{"line":1,"column":3070},"end":{"line":1,"column":3122}},{"start":{"line":1,"column":3070},"end":{"line":1,"column":3122}}]},"9":{"loc":{"start":{"line":1,"column":3093},"end":{"line":1,"column":3099}},"type":"cond-expr","locations":[{"start":{"line":1,"column":3093},"end":{"line":1,"column":3099}},{"start":{"line":1,"column":3100},"end":{"line":1,"column":3105}}]},"10":{"loc":{"start":{"line":1,"column":3154},"end":{"line":1,"column":3208}},"type":"if","locations":[{"start":{"line":1,"column":3154},"end":{"line":1,"column":3208}},{"start":{"line":1,"column":3154},"end":{"line":1,"column":3208}}]},"11":{"loc":{"start":{"line":1,"column":3157},"end":{"line":1,"column":3166}},"type":"binary-expr","locations":[{"start":{"line":1,"column":3157},"end":{"line":1,"column":3166}},{"start":{"line":1,"column":3168},"end":{"line":1,"column":3176}},{"start":{"line":1,"column":3178},"end":{"line":1,"column":3186}},{"start":{"line":1,"column":3188},"end":{"line":1,"column":3196}}]},"12":{"loc":{"start":{"line":1,"column":3489},"end":{"line":1,"column":3794}},"type":"if","locations":[{"start":{"line":1,"column":3489},"end":{"line":1,"column":3794}},{"start":{"line":1,"column":3489},"end":{"line":1,"column":3794}}]},"13":{"loc":{"start":{"line":1,"column":3552},"end":{"line":1,"column":3612}},"type":"if","locations":[{"start":{"line":1,"column":3552},"end":{"line":1,"column":3612}},{"start":{"line":1,"column":3552},"end":{"line":1,"column":3612}}]},"14":{"loc":{"start":{"line":1,"column":3555},"end":{"line":1,"column":3562}},"type":"binary-expr","locations":[{"start":{"line":1,"column":3555},"end":{"line":1,"column":3562}},{"start":{"line":1,"column":3564},"end":{"line":1,"column":3578}}]},"15":{"loc":{"start":{"line":1,"column":3630},"end":{"line":1,"column":3793}},"type":"if","locations":[{"start":{"line":1,"column":3630},"end":{"line":1,"column":3793}},{"start":{"line":1,"column":3630},"end":{"line":1,"column":3793}}]},"16":{"loc":{"start":{"line":1,"column":3635},"end":{"line":1,"column":3640}},"type":"binary-expr","locations":[{"start":{"line":1,"column":3635},"end":{"line":1,"column":3640}},{"start":{"line":1,"column":3642},"end":{"line":1,"column":3648}}]},"17":{"loc":{"start":{"line":1,"column":3651},"end":{"line":1,"column":3719}},"type":"if","locations":[{"start":{"line":1,"column":3651},"end":{"line":1,"column":3719}},{"start":{"line":1,"column":3651},"end":{"line":1,"column":3719}}]},"18":{"loc":{"start":{"line":1,"column":3656},"end":{"line":1,"column":3661}},"type":"binary-expr","locations":[{"start":{"line":1,"column":3656},"end":{"line":1,"column":3661}},{"start":{"line":1,"column":3663},"end":{"line":1,"column":3668}}]},"19":{"loc":{"start":{"line":1,"column":3720},"end":{"line":1,"column":3792}},"type":"if","locations":[{"start":{"line":1,"column":3720},"end":{"line":1,"column":3792}},{"start":{"line":1,"column":3720},"end":{"line":1,"column":3792}}]},"20":{"loc":{"start":{"line":1,"column":3725},"end":{"line":1,"column":3730}},"type":"binary-expr","locations":[{"start":{"line":1,"column":3725},"end":{"line":1,"column":3730}},{"start":{"line":1,"column":3732},"end":{"line":1,"column":3738}}]},"21":{"loc":{"start":{"line":1,"column":3827},"end":{"line":1,"column":3838}},"type":"binary-expr","locations":[{"start":{"line":1,"column":3827},"end":{"line":1,"column":3838}},{"start":{"line":1,"column":3842},"end":{"line":1,"column":3854}}]},"22":{"loc":{"start":{"line":1,"column":3930},"end":{"line":1,"column":3996}},"type":"if","locations":[{"start":{"line":1,"column":3930},"end":{"line":1,"column":3996}},{"start":{"line":1,"column":3930},"end":{"line":1,"column":3996}}]},"23":{"loc":{"start":{"line":1,"column":4011},"end":{"line":1,"column":4030}},"type":"if","locations":[{"start":{"line":1,"column":4011},"end":{"line":1,"column":4030}},{"start":{"line":1,"column":4011},"end":{"line":1,"column":4030}}]},"24":{"loc":{"start":{"line":1,"column":4116},"end":{"line":1,"column":4180}},"type":"if","locations":[{"start":{"line":1,"column":4116},"end":{"line":1,"column":4180}},{"start":{"line":1,"column":4116},"end":{"line":1,"column":4180}}]},"25":{"loc":{"start":{"line":1,"column":4132},"end":{"line":1,"column":4162}},"type":"if","locations":[{"start":{"line":1,"column":4132},"end":{"line":1,"column":4162}},{"start":{"line":1,"column":4132},"end":{"line":1,"column":4162}}]},"26":{"loc":{"start":{"line":1,"column":4496},"end":{"line":1,"column":4593}},"type":"if","locations":[{"start":{"line":1,"column":4496},"end":{"line":1,"column":4593}},{"start":{"line":1,"column":4496},"end":{"line":1,"column":4593}}]},"27":{"loc":{"start":{"line":1,"column":4519},"end":{"line":1,"column":4592}},"type":"if","locations":[{"start":{"line":1,"column":4519},"end":{"line":1,"column":4592}},{"start":{"line":1,"column":4519},"end":{"line":1,"column":4592}}]},"28":{"loc":{"start":{"line":1,"column":4567},"end":{"line":1,"column":4591}},"type":"if","locations":[{"start":{"line":1,"column":4567},"end":{"line":1,"column":4591}},{"start":{"line":1,"column":4567},"end":{"line":1,"column":4591}}]},"29":{"loc":{"start":{"line":1,"column":4570},"end":{"line":1,"column":4572}},"type":"binary-expr","locations":[{"start":{"line":1,"column":4570},"end":{"line":1,"column":4572}},{"start":{"line":1,"column":4574},"end":{"line":1,"column":4580}}]},"30":{"loc":{"start":{"line":1,"column":4627},"end":{"line":1,"column":4654}},"type":"if","locations":[{"start":{"line":1,"column":4627},"end":{"line":1,"column":4654}},{"start":{"line":1,"column":4627},"end":{"line":1,"column":4654}}]},"31":{"loc":{"start":{"line":1,"column":4700},"end":{"line":1,"column":4843}},"type":"if","locations":[{"start":{"line":1,"column":4700},"end":{"line":1,"column":4843}},{"start":{"line":1,"column":4700},"end":{"line":1,"column":4843}}]},"32":{"loc":{"start":{"line":1,"column":4718},"end":{"line":1,"column":4753}},"type":"if","locations":[{"start":{"line":1,"column":4718},"end":{"line":1,"column":4753}},{"start":{"line":1,"column":4718},"end":{"line":1,"column":4753}}]},"33":{"loc":{"start":{"line":1,"column":4760},"end":{"line":1,"column":4842}},"type":"if","locations":[{"start":{"line":1,"column":4760},"end":{"line":1,"column":4842}},{"start":{"line":1,"column":4760},"end":{"line":1,"column":4842}}]},"34":{"loc":{"start":{"line":1,"column":4808},"end":{"line":1,"column":4841}},"type":"if","locations":[{"start":{"line":1,"column":4808},"end":{"line":1,"column":4841}},{"start":{"line":1,"column":4808},"end":{"line":1,"column":4841}}]},"35":{"loc":{"start":{"line":1,"column":4811},"end":{"line":1,"column":4813}},"type":"binary-expr","locations":[{"start":{"line":1,"column":4811},"end":{"line":1,"column":4813}},{"start":{"line":1,"column":4815},"end":{"line":1,"column":4821}}]},"36":{"loc":{"start":{"line":1,"column":4875},"end":{"line":1,"column":4917}},"type":"if","locations":[{"start":{"line":1,"column":4875},"end":{"line":1,"column":4917}},{"start":{"line":1,"column":4875},"end":{"line":1,"column":4917}}]},"37":{"loc":{"start":{"line":1,"column":4878},"end":{"line":1,"column":4890}},"type":"binary-expr","locations":[{"start":{"line":1,"column":4878},"end":{"line":1,"column":4890}},{"start":{"line":1,"column":4892},"end":{"line":1,"column":4906}}]},"38":{"loc":{"start":{"line":1,"column":4919},"end":{"line":1,"column":5177}},"type":"if","locations":[{"start":{"line":1,"column":4919},"end":{"line":1,"column":5177}},{"start":{"line":1,"column":4919},"end":{"line":1,"column":5177}}]},"39":{"loc":{"start":{"line":1,"column":4922},"end":{"line":1,"column":4935}},"type":"binary-expr","locations":[{"start":{"line":1,"column":4922},"end":{"line":1,"column":4935}},{"start":{"line":1,"column":4937},"end":{"line":1,"column":4938}}]},"40":{"loc":{"start":{"line":1,"column":4999},"end":{"line":1,"column":5175}},"type":"if","locations":[{"start":{"line":1,"column":4999},"end":{"line":1,"column":5175}},{"start":{"line":1,"column":4999},"end":{"line":1,"column":5175}}]},"41":{"loc":{"start":{"line":1,"column":5002},"end":{"line":1,"column":5014}},"type":"binary-expr","locations":[{"start":{"line":1,"column":5002},"end":{"line":1,"column":5014}},{"start":{"line":1,"column":5016},"end":{"line":1,"column":5024}}]},"42":{"loc":{"start":{"line":1,"column":5044},"end":{"line":1,"column":5174}},"type":"if","locations":[{"start":{"line":1,"column":5044},"end":{"line":1,"column":5174}},{"start":{"line":1,"column":5044},"end":{"line":1,"column":5174}}]},"43":{"loc":{"start":{"line":1,"column":5251},"end":{"line":1,"column":5301}},"type":"if","locations":[{"start":{"line":1,"column":5251},"end":{"line":1,"column":5301}},{"start":{"line":1,"column":5251},"end":{"line":1,"column":5301}}]},"44":{"loc":{"start":{"line":1,"column":5254},"end":{"line":1,"column":5263}},"type":"binary-expr","locations":[{"start":{"line":1,"column":5254},"end":{"line":1,"column":5263}},{"start":{"line":1,"column":5265},"end":{"line":1,"column":5277}}]},"45":{"loc":{"start":{"line":1,"column":5361},"end":{"line":1,"column":5365}},"type":"cond-expr","locations":[{"start":{"line":1,"column":5361},"end":{"line":1,"column":5365}},{"start":{"line":1,"column":5366},"end":{"line":1,"column":5369}}]},"46":{"loc":{"start":{"line":1,"column":5456},"end":{"line":1,"column":5616}},"type":"if","locations":[{"start":{"line":1,"column":5456},"end":{"line":1,"column":5616}},{"start":{"line":1,"column":5456},"end":{"line":1,"column":5616}}]},"47":{"loc":{"start":{"line":1,"column":5508},"end":{"line":1,"column":5615}},"type":"if","locations":[{"start":{"line":1,"column":5508},"end":{"line":1,"column":5615}},{"start":{"line":1,"column":5508},"end":{"line":1,"column":5615}}]},"48":{"loc":{"start":{"line":1,"column":5623},"end":{"line":1,"column":5624}},"type":"binary-expr","locations":[{"start":{"line":1,"column":5623},"end":{"line":1,"column":5624}},{"start":{"line":1,"column":5626},"end":{"line":1,"column":5650}}]},"49":{"loc":{"start":{"line":1,"column":5687},"end":{"line":1,"column":5863}},"type":"switch","locations":[{"start":{"line":1,"column":5687},"end":{"line":1,"column":5863}},{"start":{"line":1,"column":5869},"end":{"line":1,"column":5875}},{"start":{"line":1,"column":5876},"end":{"line":1,"column":6039}}]},"50":{"loc":{"start":{"line":1,"column":5694},"end":{"line":1,"column":5725}},"type":"if","locations":[{"start":{"line":1,"column":5694},"end":{"line":1,"column":5725}},{"start":{"line":1,"column":5694},"end":{"line":1,"column":5725}}]},"51":{"loc":{"start":{"line":1,"column":5799},"end":{"line":1,"column":5862}},"type":"if","locations":[{"start":{"line":1,"column":5799},"end":{"line":1,"column":5862}},{"start":{"line":1,"column":5799},"end":{"line":1,"column":5862}}]},"52":{"loc":{"start":{"line":1,"column":5802},"end":{"line":1,"column":5811}},"type":"binary-expr","locations":[{"start":{"line":1,"column":5802},"end":{"line":1,"column":5811}},{"start":{"line":1,"column":5813},"end":{"line":1,"column":5822}}]},"53":{"loc":{"start":{"line":1,"column":5903},"end":{"line":1,"column":6038}},"type":"if","locations":[{"start":{"line":1,"column":5903},"end":{"line":1,"column":6038}},{"start":{"line":1,"column":5903},"end":{"line":1,"column":6038}}]},"54":{"loc":{"start":{"line":1,"column":5917},"end":{"line":1,"column":5990}},"type":"if","locations":[{"start":{"line":1,"column":5917},"end":{"line":1,"column":5990}},{"start":{"line":1,"column":5917},"end":{"line":1,"column":5990}}]},"55":{"loc":{"start":{"line":1,"column":6128},"end":{"line":1,"column":6141}},"type":"if","locations":[{"start":{"line":1,"column":6128},"end":{"line":1,"column":6141}},{"start":{"line":1,"column":6128},"end":{"line":1,"column":6141}}]},"56":{"loc":{"start":{"line":1,"column":6319},"end":{"line":1,"column":6324}},"type":"cond-expr","locations":[{"start":{"line":1,"column":6319},"end":{"line":1,"column":6324}},{"start":{"line":1,"column":6327},"end":{"line":1,"column":6361}}]},"57":{"loc":{"start":{"line":1,"column":6321},"end":{"line":1,"column":6322}},"type":"cond-expr","locations":[{"start":{"line":1,"column":6321},"end":{"line":1,"column":6322}},{"start":{"line":1,"column":6323},"end":{"line":1,"column":6324}}]},"58":{"loc":{"start":{"line":1,"column":6335},"end":{"line":1,"column":6358}},"type":"cond-expr","locations":[{"start":{"line":1,"column":6335},"end":{"line":1,"column":6358}},{"start":{"line":1,"column":6360},"end":{"line":1,"column":6361}}]},"59":{"loc":{"start":{"line":1,"column":6355},"end":{"line":1,"column":6356}},"type":"cond-expr","locations":[{"start":{"line":1,"column":6355},"end":{"line":1,"column":6356}},{"start":{"line":1,"column":6357},"end":{"line":1,"column":6358}}]},"60":{"loc":{"start":{"line":1,"column":6375},"end":{"line":1,"column":6384}},"type":"cond-expr","locations":[{"start":{"line":1,"column":6375},"end":{"line":1,"column":6384}},{"start":{"line":1,"column":6385},"end":{"line":1,"column":6386}}]},"61":{"loc":{"start":{"line":1,"column":6530},"end":{"line":1,"column":6587}},"type":"if","locations":[{"start":{"line":1,"column":6530},"end":{"line":1,"column":6587}},{"start":{"line":1,"column":6530},"end":{"line":1,"column":6587}}]},"62":{"loc":{"start":{"line":1,"column":6613},"end":{"line":1,"column":6663}},"type":"if","locations":[{"start":{"line":1,"column":6613},"end":{"line":1,"column":6663}},{"start":{"line":1,"column":6613},"end":{"line":1,"column":6663}}]},"63":{"loc":{"start":{"line":1,"column":6796},"end":{"line":1,"column":6806}},"type":"binary-expr","locations":[{"start":{"line":1,"column":6796},"end":{"line":1,"column":6806}},{"start":{"line":1,"column":6808},"end":{"line":1,"column":6810}}]},"64":{"loc":{"start":{"line":1,"column":6908},"end":{"line":1,"column":7215}},"type":"if","locations":[{"start":{"line":1,"column":6908},"end":{"line":1,"column":7215}},{"start":{"line":1,"column":6908},"end":{"line":1,"column":7215}}]},"65":{"loc":{"start":{"line":1,"column":6970},"end":{"line":1,"column":7098}},"type":"if","locations":[{"start":{"line":1,"column":6970},"end":{"line":1,"column":7098}},{"start":{"line":1,"column":6970},"end":{"line":1,"column":7098}}]},"66":{"loc":{"start":{"line":1,"column":7062},"end":{"line":1,"column":7083}},"type":"if","locations":[{"start":{"line":1,"column":7062},"end":{"line":1,"column":7083}},{"start":{"line":1,"column":7062},"end":{"line":1,"column":7083}}]},"67":{"loc":{"start":{"line":1,"column":7085},"end":{"line":1,"column":7097}},"type":"if","locations":[{"start":{"line":1,"column":7085},"end":{"line":1,"column":7097}},{"start":{"line":1,"column":7085},"end":{"line":1,"column":7097}}]},"68":{"loc":{"start":{"line":1,"column":7102},"end":{"line":1,"column":7114}},"type":"binary-expr","locations":[{"start":{"line":1,"column":7102},"end":{"line":1,"column":7114}},{"start":{"line":1,"column":7116},"end":{"line":1,"column":7143}}]},"69":{"loc":{"start":{"line":1,"column":7144},"end":{"line":1,"column":7196}},"type":"if","locations":[{"start":{"line":1,"column":7144},"end":{"line":1,"column":7196}},{"start":{"line":1,"column":7144},"end":{"line":1,"column":7196}}]},"70":{"loc":{"start":{"line":1,"column":7147},"end":{"line":1,"column":7149}},"type":"binary-expr","locations":[{"start":{"line":1,"column":7147},"end":{"line":1,"column":7149}},{"start":{"line":1,"column":7151},"end":{"line":1,"column":7181}}]},"71":{"loc":{"start":{"line":1,"column":7153},"end":{"line":1,"column":7155}},"type":"binary-expr","locations":[{"start":{"line":1,"column":7153},"end":{"line":1,"column":7155}},{"start":{"line":1,"column":7157},"end":{"line":1,"column":7180}}]},"72":{"loc":{"start":{"line":1,"column":7197},"end":{"line":1,"column":7214}},"type":"if","locations":[{"start":{"line":1,"column":7197},"end":{"line":1,"column":7214}},{"start":{"line":1,"column":7197},"end":{"line":1,"column":7214}}]},"73":{"loc":{"start":{"line":1,"column":7240},"end":{"line":1,"column":7490}},"type":"if","locations":[{"start":{"line":1,"column":7240},"end":{"line":1,"column":7490}},{"start":{"line":1,"column":7240},"end":{"line":1,"column":7490}}]},"74":{"loc":{"start":{"line":1,"column":7325},"end":{"line":1,"column":7376}},"type":"if","locations":[{"start":{"line":1,"column":7325},"end":{"line":1,"column":7376}},{"start":{"line":1,"column":7325},"end":{"line":1,"column":7376}}]},"75":{"loc":{"start":{"line":1,"column":7548},"end":{"line":1,"column":8034}},"type":"if","locations":[{"start":{"line":1,"column":7548},"end":{"line":1,"column":8034}},{"start":{"line":1,"column":7548},"end":{"line":1,"column":8034}}]},"76":{"loc":{"start":{"line":1,"column":7787},"end":{"line":1,"column":8033}},"type":"if","locations":[{"start":{"line":1,"column":7787},"end":{"line":1,"column":8033}},{"start":{"line":1,"column":7787},"end":{"line":1,"column":8033}}]},"77":{"loc":{"start":{"line":1,"column":8035},"end":{"line":1,"column":8103}},"type":"if","locations":[{"start":{"line":1,"column":8035},"end":{"line":1,"column":8103}},{"start":{"line":1,"column":8035},"end":{"line":1,"column":8103}}]},"78":{"loc":{"start":{"line":1,"column":8125},"end":{"line":1,"column":8473}},"type":"if","locations":[{"start":{"line":1,"column":8125},"end":{"line":1,"column":8473}},{"start":{"line":1,"column":8125},"end":{"line":1,"column":8473}}]},"79":{"loc":{"start":{"line":1,"column":8131},"end":{"line":1,"column":8472}},"type":"if","locations":[{"start":{"line":1,"column":8131},"end":{"line":1,"column":8472}},{"start":{"line":1,"column":8131},"end":{"line":1,"column":8472}}]},"80":{"loc":{"start":{"line":1,"column":8152},"end":{"line":1,"column":8345}},"type":"if","locations":[{"start":{"line":1,"column":8152},"end":{"line":1,"column":8345}},{"start":{"line":1,"column":8152},"end":{"line":1,"column":8345}}]},"81":{"loc":{"start":{"line":1,"column":8474},"end":{"line":1,"column":8570}},"type":"if","locations":[{"start":{"line":1,"column":8474},"end":{"line":1,"column":8570}},{"start":{"line":1,"column":8474},"end":{"line":1,"column":8570}}]},"82":{"loc":{"start":{"line":1,"column":8571},"end":{"line":1,"column":8745}},"type":"if","locations":[{"start":{"line":1,"column":8571},"end":{"line":1,"column":8745}},{"start":{"line":1,"column":8571},"end":{"line":1,"column":8745}}]},"83":{"loc":{"start":{"line":1,"column":8760},"end":{"line":1,"column":8779}},"type":"if","locations":[{"start":{"line":1,"column":8760},"end":{"line":1,"column":8779}},{"start":{"line":1,"column":8760},"end":{"line":1,"column":8779}}]},"84":{"loc":{"start":{"line":1,"column":8823},"end":{"line":1,"column":8903}},"type":"if","locations":[{"start":{"line":1,"column":8823},"end":{"line":1,"column":8903}},{"start":{"line":1,"column":8823},"end":{"line":1,"column":8903}}]},"85":{"loc":{"start":{"line":1,"column":9467},"end":{"line":1,"column":9621}},"type":"if","locations":[{"start":{"line":1,"column":9467},"end":{"line":1,"column":9621}},{"start":{"line":1,"column":9467},"end":{"line":1,"column":9621}}]},"86":{"loc":{"start":{"line":1,"column":9519},"end":{"line":1,"column":9620}},"type":"if","locations":[{"start":{"line":1,"column":9519},"end":{"line":1,"column":9620}},{"start":{"line":1,"column":9519},"end":{"line":1,"column":9620}}]},"87":{"loc":{"start":{"line":1,"column":9628},"end":{"line":1,"column":9629}},"type":"binary-expr","locations":[{"start":{"line":1,"column":9628},"end":{"line":1,"column":9629}},{"start":{"line":1,"column":9631},"end":{"line":1,"column":9655}}]},"88":{"loc":{"start":{"line":1,"column":9782},"end":{"line":1,"column":9959}},"type":"switch","locations":[{"start":{"line":1,"column":9782},"end":{"line":1,"column":9959}},{"start":{"line":1,"column":9965},"end":{"line":1,"column":9971}},{"start":{"line":1,"column":9972},"end":{"line":1,"column":10252}}]},"89":{"loc":{"start":{"line":1,"column":9789},"end":{"line":1,"column":9819}},"type":"if","locations":[{"start":{"line":1,"column":9789},"end":{"line":1,"column":9819}},{"start":{"line":1,"column":9789},"end":{"line":1,"column":9819}}]},"90":{"loc":{"start":{"line":1,"column":9820},"end":{"line":1,"column":9958}},"type":"if","locations":[{"start":{"line":1,"column":9820},"end":{"line":1,"column":9958}},{"start":{"line":1,"column":9820},"end":{"line":1,"column":9958}}]},"91":{"loc":{"start":{"line":1,"column":9850},"end":{"line":1,"column":9897}},"type":"if","locations":[{"start":{"line":1,"column":9850},"end":{"line":1,"column":9897}},{"start":{"line":1,"column":9850},"end":{"line":1,"column":9897}}]},"92":{"loc":{"start":{"line":1,"column":9979},"end":{"line":1,"column":10251}},"type":"if","locations":[{"start":{"line":1,"column":9979},"end":{"line":1,"column":10251}},{"start":{"line":1,"column":9979},"end":{"line":1,"column":10251}}]},"93":{"loc":{"start":{"line":1,"column":10025},"end":{"line":1,"column":10250}},"type":"if","locations":[{"start":{"line":1,"column":10025},"end":{"line":1,"column":10250}},{"start":{"line":1,"column":10025},"end":{"line":1,"column":10250}}]},"94":{"loc":{"start":{"line":1,"column":10123},"end":{"line":1,"column":10204}},"type":"if","locations":[{"start":{"line":1,"column":10123},"end":{"line":1,"column":10204}},{"start":{"line":1,"column":10123},"end":{"line":1,"column":10204}}]},"95":{"loc":{"start":{"line":1,"column":10212},"end":{"line":1,"column":10249}},"type":"if","locations":[{"start":{"line":1,"column":10212},"end":{"line":1,"column":10249}},{"start":{"line":1,"column":10212},"end":{"line":1,"column":10249}}]},"96":{"loc":{"start":{"line":1,"column":10315},"end":{"line":1,"column":10329}},"type":"if","locations":[{"start":{"line":1,"column":10315},"end":{"line":1,"column":10329}},{"start":{"line":1,"column":10315},"end":{"line":1,"column":10329}}]},"97":{"loc":{"start":{"line":1,"column":10360},"end":{"line":1,"column":10379}},"type":"cond-expr","locations":[{"start":{"line":1,"column":10360},"end":{"line":1,"column":10379}},{"start":{"line":1,"column":10380},"end":{"line":1,"column":10382}}]},"98":{"loc":{"start":{"line":1,"column":10404},"end":{"line":1,"column":10529}},"type":"if","locations":[{"start":{"line":1,"column":10404},"end":{"line":1,"column":10529}},{"start":{"line":1,"column":10404},"end":{"line":1,"column":10529}}]},"99":{"loc":{"start":{"line":1,"column":10580},"end":{"line":1,"column":10596}},"type":"binary-expr","locations":[{"start":{"line":1,"column":10580},"end":{"line":1,"column":10596}},{"start":{"line":1,"column":10599},"end":{"line":1,"column":10614}}]},"100":{"loc":{"start":{"line":1,"column":10671},"end":{"line":1,"column":10716}},"type":"if","locations":[{"start":{"line":1,"column":10671},"end":{"line":1,"column":10716}},{"start":{"line":1,"column":10671},"end":{"line":1,"column":10716}}]},"101":{"loc":{"start":{"line":1,"column":10777},"end":{"line":1,"column":10799}},"type":"binary-expr","locations":[{"start":{"line":1,"column":10777},"end":{"line":1,"column":10799}},{"start":{"line":1,"column":10801},"end":{"line":1,"column":10802}}]},"102":{"loc":{"start":{"line":1,"column":10871},"end":{"line":1,"column":10931}},"type":"if","locations":[{"start":{"line":1,"column":10871},"end":{"line":1,"column":10931}},{"start":{"line":1,"column":10871},"end":{"line":1,"column":10931}}]},"103":{"loc":{"start":{"line":1,"column":11209},"end":{"line":1,"column":11271}},"type":"if","locations":[{"start":{"line":1,"column":11209},"end":{"line":1,"column":11271}},{"start":{"line":1,"column":11209},"end":{"line":1,"column":11271}}]},"104":{"loc":{"start":{"line":1,"column":11342},"end":{"line":1,"column":11348}},"type":"binary-expr","locations":[{"start":{"line":1,"column":11342},"end":{"line":1,"column":11348}},{"start":{"line":1,"column":11350},"end":{"line":1,"column":11361}}]},"105":{"loc":{"start":{"line":1,"column":11453},"end":{"line":1,"column":11461}},"type":"binary-expr","locations":[{"start":{"line":1,"column":11453},"end":{"line":1,"column":11461}},{"start":{"line":1,"column":11463},"end":{"line":1,"column":11465}}]},"106":{"loc":{"start":{"line":1,"column":11485},"end":{"line":1,"column":11491}},"type":"binary-expr","locations":[{"start":{"line":1,"column":11485},"end":{"line":1,"column":11491}},{"start":{"line":1,"column":11493},"end":{"line":1,"column":11495}}]},"107":{"loc":{"start":{"line":1,"column":11539},"end":{"line":1,"column":11856}},"type":"if","locations":[{"start":{"line":1,"column":11539},"end":{"line":1,"column":11856}},{"start":{"line":1,"column":11539},"end":{"line":1,"column":11856}}]},"108":{"loc":{"start":{"line":1,"column":11542},"end":{"line":1,"column":11557}},"type":"binary-expr","locations":[{"start":{"line":1,"column":11542},"end":{"line":1,"column":11557}},{"start":{"line":1,"column":11560},"end":{"line":1,"column":11579}}]},"109":{"loc":{"start":{"line":1,"column":11582},"end":{"line":1,"column":11609}},"type":"if","locations":[{"start":{"line":1,"column":11582},"end":{"line":1,"column":11609}},{"start":{"line":1,"column":11582},"end":{"line":1,"column":11609}}]},"110":{"loc":{"start":{"line":1,"column":11764},"end":{"line":1,"column":11855}},"type":"if","locations":[{"start":{"line":1,"column":11764},"end":{"line":1,"column":11855}},{"start":{"line":1,"column":11764},"end":{"line":1,"column":11855}}]},"111":{"loc":{"start":{"line":1,"column":11861},"end":{"line":1,"column":11875}},"type":"if","locations":[{"start":{"line":1,"column":11861},"end":{"line":1,"column":11875}},{"start":{"line":1,"column":11861},"end":{"line":1,"column":11875}}]},"112":{"loc":{"start":{"line":1,"column":11876},"end":{"line":1,"column":11890}},"type":"if","locations":[{"start":{"line":1,"column":11876},"end":{"line":1,"column":11890}},{"start":{"line":1,"column":11876},"end":{"line":1,"column":11890}}]},"113":{"loc":{"start":{"line":1,"column":11957},"end":{"line":1,"column":12067}},"type":"if","locations":[{"start":{"line":1,"column":11957},"end":{"line":1,"column":12067}},{"start":{"line":1,"column":11957},"end":{"line":1,"column":12067}}]},"114":{"loc":{"start":{"line":1,"column":11994},"end":{"line":1,"column":12066}},"type":"if","locations":[{"start":{"line":1,"column":11994},"end":{"line":1,"column":12066}},{"start":{"line":1,"column":11994},"end":{"line":1,"column":12066}}]},"115":{"loc":{"start":{"line":1,"column":12086},"end":{"line":1,"column":12165}},"type":"if","locations":[{"start":{"line":1,"column":12086},"end":{"line":1,"column":12165}},{"start":{"line":1,"column":12086},"end":{"line":1,"column":12165}}]},"116":{"loc":{"start":{"line":1,"column":12091},"end":{"line":1,"column":12092}},"type":"binary-expr","locations":[{"start":{"line":1,"column":12091},"end":{"line":1,"column":12092}},{"start":{"line":1,"column":12094},"end":{"line":1,"column":12113}}]},"117":{"loc":{"start":{"line":1,"column":12134},"end":{"line":1,"column":12150}},"type":"cond-expr","locations":[{"start":{"line":1,"column":12134},"end":{"line":1,"column":12150}},{"start":{"line":1,"column":12151},"end":{"line":1,"column":12165}}]},"118":{"loc":{"start":{"line":1,"column":14208},"end":{"line":1,"column":14265}},"type":"if","locations":[{"start":{"line":1,"column":14208},"end":{"line":1,"column":14265}},{"start":{"line":1,"column":14208},"end":{"line":1,"column":14265}}]},"119":{"loc":{"start":{"line":1,"column":14255},"end":{"line":1,"column":14262}},"type":"cond-expr","locations":[{"start":{"line":1,"column":14255},"end":{"line":1,"column":14262}},{"start":{"line":1,"column":14263},"end":{"line":1,"column":14264}}]},"120":{"loc":{"start":{"line":1,"column":14244},"end":{"line":1,"column":14245}},"type":"binary-expr","locations":[{"start":{"line":1,"column":14244},"end":{"line":1,"column":14245}},{"start":{"line":1,"column":14247},"end":{"line":1,"column":14254}}]},"121":{"loc":{"start":{"line":1,"column":14336},"end":{"line":1,"column":14348}},"type":"if","locations":[{"start":{"line":1,"column":14336},"end":{"line":1,"column":14348}},{"start":{"line":1,"column":14336},"end":{"line":1,"column":14348}}]},"122":{"loc":{"start":{"line":1,"column":14648},"end":{"line":1,"column":14697}},"type":"if","locations":[{"start":{"line":1,"column":14648},"end":{"line":1,"column":14697}},{"start":{"line":1,"column":14648},"end":{"line":1,"column":14697}}]},"123":{"loc":{"start":{"line":1,"column":14832},"end":{"line":1,"column":14843}},"type":"cond-expr","locations":[{"start":{"line":1,"column":14832},"end":{"line":1,"column":14843}},{"start":{"line":1,"column":14844},"end":{"line":1,"column":14853}}]},"124":{"loc":{"start":{"line":1,"column":14859},"end":{"line":1,"column":14869}},"type":"binary-expr","locations":[{"start":{"line":1,"column":14859},"end":{"line":1,"column":14869}},{"start":{"line":1,"column":14871},"end":{"line":1,"column":14881}}]},"125":{"loc":
[...]
"line":1,"column":15483}}]}},"s":{"0":0,"1":0,"2":0,"3":0,"4":0,"5":0,"6":0,"7":0,"8":0,"9":0,"10":0,"11":0,"12":0,"13":0,"14":0,"15":0,"16":0,"17":0,"18":0,"19":0,"20":0,"21":0,"22":0,"23":0,"24":0,"25":0,"26":0,"27":0,"28":0,"29":0,"30":0,"31":0,"32":0,"33":0,"34":0,"35":0,"36":0,"37":0,"38":0,"39":0,"40":0,"41":0,"42":0,"43":0,"44":0,"45":0,"46":0,"47":0,"48":0,"49":0,"50":0,"51":0,"52":0,"53":0,"54":0,"55":0,"56":0,"57":0,"58":0,"59":0,"60":0,"61":0,"62":0,"63":0,"64":0,"65":0,"66":0,"67":0,"68":0,"69":0,"70":0,"71":0,"72":0,"73":0,"74":0,"75":0,"76":0,"77":0,"78":0,"79":0,"80":0,"81":0,"82":0,"83":0,"84":0,"85":0,"86":0,"87":0,"88":0,"89":0,"90":0,"91":0,"92":0,"93":0,"94":0,"95":0,"96":0,"97":0,"98":0,"99":0,"100":0,"101":0,"102":0,"103":0,"104":0,"105":0,"106":0,"107":0,"108":0,"109":0,"110":0,"111":0,"112":0,"113":0,"114":0,"115":0,"116":0,"117":0,"118":0,"119":0,"120":0,"121":0,"122":0,"123":0,"124":0,"125":0,"126":0,"127":0,"128":0,"129":0,"130":0,"131":0,"132":0,"133":0,"134":0,"135":0,"136":0,"137":0,"138":0,"139":0,"140":0,"141":0,"142":0,"143":0,"144":0,"145":0,"146":0,"147":0,"148":0,"149":0,"150":0,"151":0,"152":0,"153":0,"154":0,"155":0,"156":0,"157":0,"158":0,"159":0,"160":0,"161":0,"162":0,"163":0,"164":0,"165":0,"166":0,"167":0,"168":0,"169":0,"170":0,"171":0,"172":0,"173":0,"174":0,"175":0,"176":0,"177":0,"178":0,"179":0,"180":0,"181":0,"182":0,"183":0,"184":0,"185":0,"186":0,"187":0,"188":0,"189":0,"190":0,"191":0,"192":0,"193":0,"194":0,"195":0,"196":0,"197":0,"198":0,"199":0,"200":0,"201":0,"202":0,"203":0,"204":0,"205":0,"206":0,"207":0,"208":0,"209":0,"210":0,"211":0,"212":0,"213":0,"214":0,"215":0,"216":0,"217":0,"218":0,"219":0,"220":0,"221":0,"222":0,"223":0,"224":0,"225":0,"226":0,"227":0,"228":0,"229":0,"230":0,"231":0,"232":0,"233":0,"234":0,"235":0,"236":0,"237":0,"238":0,"239":0,"240":0,"241":0,"242":0,"243":0,"244":0,"245":0,"246":0,"247":0,"248":0,"249":0,"250":0,"251":0,"252":0,"253":0,"254":0,"255":0,"256":0,"257":0,"258":0,"259":0,"260":0,"261":0,"262":0,"263":0,"264":0,"265":0,"266":0,"267":0,"268":0,"269":0,"270":0,"271":0,"272":0,"273":0,"274":0,"275":0,"276":0,"277":0,"278":0,"279":0,"280":0,"281":0,"282":0,"283":0,"284":0,"285":0,"286":0,"287":0,"288":0,"289":0,"290":0,"291":0,"292":0,"293":0,"294":0,"295":0,"296":0,"297":0,"298":0,"299":0,"300":0,"301":0,"302":0,"303":0,"304":0,"305":0,"306":0,"307":0,"308":0,"309":0,"310":0,"311":0,"312":0,"313":0,"314":0,"315":0,"316":0,"317":0,"318":0,"319":0,"320":0,"321":0,"322":0,"323":0,"324":0,"325":0,"326":0,"327":0,"328":0,"329":0,"330":0,"331":0,"332":0,"333":0,"334":0,"335":0,"336":0,"337":0,"338":0,"339":0,"340":0,"341":0,"342":0,"343":0,"344":0,"345":0,"346":0,"347":0,"348":0,"349":0,"350":0,"351":0,"352":0,"353":0,"354":0,"355":0,"356":0,"357":0,"358":0,"359":0,"360":0,"361":0,"362":0,"363":0,"364":0,"365":0,"366":0,"367":0,"368":0,"369":0,"370":0,"371":0,"372":0,"373":0,"374":0,"375":0,"376":0,"377":0,"378":0,"379":0,"380":0,"381":0,"382":0,"383":0,"384":0,"385":0,"386":0,"387":0,"388":0,"389":0,"390":0,"391":0,"392":0,"393":0,"394":0,"395":0,"396":0,"397":0,"398":0,"399":0,"400":0,"401":0,"402":0,"403":0,"404":0,"405":0,"406":0,"407":0,"408":0,"409":0,"410":0,"411":0,"412":0,"413":0,"414":0,"415":0,"416":0,"417":0,"418":0,"419":0,"420":0,"421":0,"422":0,"423":0,"424":0,"425":0,"426":0,"427":0,"428":0,"429":0,"430":0,"431":0,"432":0,"433":0,"434":0,"435":0,"436":0,"437":0,"438":0,"439":0,"440":0,"441":0,"442":0,"443":0,"444":0,"445":0,"446":0,"447":0,"448":0,"449":0,"450":0,"451":0,"452":0,"453":0,"454":0,"455":0,"456":0,"457":0,"458":0,"459":0,"460":0,"461":0,"462":0,"463":0,"464":0,"465":0,"466":0,"467":0,"468":0,"469":0,"470":0,"471":0,"472":0,"473":0,"474":0,"475":0,"476":0,"477":0,"478":0,"479":0,"480":0,"481":0,"482":0,"483":0,"484":0,"485":0,"486":0,"487":0,"488":0,"489":0,"490":0,"491":0,"492":0,"493":0,"494":0,"495":0,"496":0,"497":0,"498":0,"499":0,"500":0,"501":0},"f":{"0":0,"1":0,"2":0,"3":0,"4":0,"5":0,"6":0,"7":0,"8":0,"9":0,"10":0,"11":0,"12":0,"13":0,"14":0,"15":0,"16":0,"17":0,"18":0,"19":0,"20":0,"21":0,"22":0,"23":0,"24":0,"25":0,"26":0,"27":0,"28":0},"b":{"0":[0,0],"1":[0,0],"2":[0,0],"3":[0,0],"4":[0,0],"5":[0,0],"6":[0,0],"7":[0,0],"8":[0,0],"9":[0,0],"10":[0,0],"11":[0,0,0,0],"12":[0,0],"13":[0,0],"14":[0,0],"15":[0,0],"16":[0,0],"17":[0,0],"18":[0,0],"19":[0,0],"20":[0,0],"21":[0,0],"22":[0,0],"23":[0,0],"24":[0,0],"25":[0,0],"26":[0,0],"27":[0,0],"28":[0,0],"29":[0,0],"30":[0,0],"31":[0,0],"32":[0,0],"33":[0,0],"34":[0,0],"35":[0,0],"36":[0,0],"37":[0,0],"38":[0,0],"39":[0,0],"40":[0,0],"41":[0,0],"42":[0,0],"43":[0,0],"44":[0,0],"45":[0,0],"46":[0,0],"47":[0,0],"48":[0,0],"49":[0,0,0],"50":[0,0],"51":[0,0],"52":[0,0],"53":[0,0],"54":[0,0],"55":[0,0],"56":[0,0],"57":[0,0],"58":[0,0],"59":[0,0],"60":[0,0],"61":[0,0],"62":[0,0],"63":[0,0],"64":[0,0],"65":[0,0],"66":[0,0],"67":[0,0],"68":[0,0],"69":[0,0],"70":[0,0],"71":[0,0],"72":[0,0],"73":[0,0],"74":[0,0],"75":[0,0],"76":[0,0],"77":[0,0],"78":[0,0],"79":[0,0],"80":[0,0],"81":[0,0],"82":[0,0],"83":[0,0],"84":[0,0],"85":[0,0],"86":[0,0],"87":[0,0],"88":[0,0,0],"89":[0,0],"90":[0,0],"91":[0,0],"92":[0,0],"93":[0,0],"94":[0,0],"95":[0,0],"96":[0,0],"97":[0,0],"98":[0,0],"99":[0,0],"100":[0,0],"101":[0,0],"102":[0,0],"103":[0,0],"104":[0,0],"105":[0,0],"106":[0,0],"107":[0,0],"108":[0,0],"109":[0,0],"110":[0,0],"111":[0,0],"112":[0,0],"113":[0,0],"114":[0,0],"115":[0,0],"116":[0,0],"117":[0,0],"118":[0,0],"119":[0,0],"120":[0,0],"121":[0,0],"122":[0,0],"123":[0,0],"124":[0,0],"125":[0,0],"126":[0,0],"127":[0,0,0],"128":[0,0],"129":[0,0],"130":[0,0,0,0,0],"131":[0,0],"132":[0,0],"133":[0,0],"134":[0,0],"135":[0,0],"136":[0,0],"137":[0,0]}}
,"/Users/Cody/Documents/Projects/ElenaApp/frontend/src/test/coverage/lcov-report/sorter.js": {"path":"/Users/Cody/Documents/Projects/ElenaApp/frontend/src/test/coverage/lcov-report/sorter.js","statementMap":{"0":{"start":{"line":1,"column":18},"end":{"line":156,"column":4}},"1":{"start":{"line":4,"column":22},"end":{"line":7,"column":9}},"2":{"start":{"line":10,"column":26},"end":{"line":10,"column":76}},"3":{"start":{"line":12,"column":32},"end":{"line":12,"column":75}},"4":{"start":{"line":14,"column":30},"end":{"line":14,"column":70}},"5":{"start":{"line":16,"column":31},"end":{"line":16,"column":80}},"6":{"start":{"line":20,"column":23},"end":{"line":20,"column":62}},"7":{"start":{"line":22,"column":19},"end":{"line":22,"column":21}},"8":{"start":{"line":26,"column":8},"end":{"line":38,"column":8}},"9":{"start":{"line":27,"column":12},"end":{"line":27,"column":33}},"10":{"start":{"line":28,"column":12},"end":{"line":32,"column":13}},"11":{"start":{"line":33,"column":12},"end":{"line":33,"column":26}},"12":{"start":{"line":34,"column":12},"end":{"line":37,"column":12}},"13":{"start":{"line":35,"column":16},"end":{"line":35,"column":59}},"14":{"start":{"line":36,"column":16},"end":{"line":36,"column":86}},"15":{"start":{"line":39,"column":8},"end":{"line":39,"column":19}},"16":{"start":{"line":44,"column":24},"end":{"line":44,"column":55}},"17":{"start":{"line":47,"column":19},"end":{"line":47,"column":21}},"18":{"start":{"line":50,"column":8},"end":{"line":58,"column":8}},"19":{"start":{"line":51,"column":12},"end":{"line":51,"column":34}},"20":{"start":{"line":52,"column":12},"end":{"line":52,"column":25}},"21":{"start":{"line":53,"column":12},"end":{"line":53,"column":52}},"22":{"start":{"line":54,"column":12},"end":{"line":56,"column":12}},"23":{"start":{"line":55,"column":16},"end":{"line":55,"column":33}},"24":{"start":{"line":57,"column":12},"end":{"line":57,"column":31}},"25":{"start":{"line":59,"column":8},"end":{"line":59,"column":19}},"26":{"start":{"line":63,"column":19},"end":{"line":63,"column":56}},"27":{"start":{"line":66,"column":8},"end":{"line":68,"column":8}},"28":{"start":{"line":67,"column":12},"end":{"line":67,"column":47}},"29":{"start":{"line":72,"column":18},"end":{"line":72,"column":33}},"30":{"start":{"line":73,"column":21},"end":{"line":77,"column":13}},"31":{"start":{"line":74,"column":16},"end":{"line":74,"column":31}},"32":{"start":{"line":75,"column":16},"end":{"line":75,"column":31}},"33":{"start":{"line":76,"column":16},"end":{"line":76,"column":49}},"34":{"start":{"line":78,"column":26},"end":{"line":78,"column":32}},"35":{"start":{"line":79,"column":24},"end":{"line":79,"column":73}},"36":{"start":{"line":80,"column":23},"end":{"line":80,"column":55}},"37":{"start":{"line":81,"column":19},"end":{"line":81,"column":21}},"38":{"start":{"line":84,"column":8},"end":{"line":88,"column":8}},"39":{"start":{"line":85,"column":12},"end":{"line":87,"column":13}},"40":{"start":{"line":86,"column":16},"end":{"line":86,"column":40}},"41":{"start":{"line":90,"column":8},"end":{"line":93,"column":8}},"42":{"start":{"line":91,"column":12},"end":{"line":91,"column":34}},"43":{"start":{"line":92,"column":12},"end":{"line":92,"column":46}},"44":{"start":{"line":95,"column":8},"end":{"line":95,"column":30}},"45":{"start":{"line":97,"column":8},"end":{"line":99,"column":8}},"46":{"start":{"line":98,"column":12},"end":{"line":98,"column":42}},"47":{"start":{"line":103,"column":18},"end":{"line":103,"column":49}},"48":{"start":{"line":104,"column":18},"end":{"line":104,"column":31}},"49":{"start":{"line":106,"column":8},"end":{"line":106,"column":70}},"50":{"start":{"line":107,"column":8},"end":{"line":107,"column":27}},"51":{"start":{"line":111,"column":8},"end":{"line":111,"column":98}},"52":{"start":{"line":117,"column":24},"end":{"line":132,"column":13}},"53":{"start":{"line":118,"column":26},"end":{"line":118,"column":33}},"54":{"start":{"line":120,"column":16},"end":{"line":131,"column":17}},"55":{"start":{"line":121,"column":31},"end":{"line":121,"column":50}},"56":{"start":{"line":123,"column":20},"end":{"line":125,"column":20}},"57":{"start":{"line":124,"column":24},"end":{"line":124,"column":48}},"58":{"start":{"line":126,"column":20},"end":{"line":126,"column":40}},"59":{"start":{"line":127,"column":20},"end":{"line":127,"column":42}},"60":{"start":{"line":128,"column":20},"end":{"line":128,"column":41}},"61":{"start":{"line":129,"column":20},"end":{"line":129,"column":43}},"62":{"start":{"line":130,"column":20},"end":{"line":130,"column":39}},"63":{"start":{"line":133,"column":8},"end":{"line":144,"column":8}},"64":{"start":{"line":134,"column":12},"end":{"line":143,"column":12}},"65":{"start":{"line":137,"column":16},"end":{"line":137,"column":75}},"66":{"start":{"line":138,"column":16},"end":{"line":142,"column":16}},"67":{"start":{"line":139,"column":20},"end":{"line":139,"column":62}},"68":{"start":{"line":141,"column":20},"end":{"line":141,"column":59}},"69":{"start":{"line":147,"column":4},"end":{"line":155,"column":5}},"70":{"start":{"line":148,"column":8},"end":{"line":150,"column":8}},"71":{"start":{"line":149,"column":12},"end":{"line":null,"column":-1}},"72":{"start":{"line":151,"column":8},"end":{"line":151,"column":28}},"73":{"start":{"line":152,"column":8},"end":{"line":152,"column":22}},"74":{"start":{"line":153,"column":8},"end":{"line":153,"column":27}},"75":{"start":{"line":154,"column":8},"end":{"line":154,"column":18}},"76":{"start":{"line":158,"column":0},"end":{"line":158,"column":43}}},"fnMap":{"0":{"name":"(anonymous_0)","decl":{"start":{"line":1,"column":18},"end":{"line":1,"column":29}},"loc":{"start":{"line":1,"column":30},"end":{"line":156,"column":1}}},"1":{"name":"getTable","decl":{"start":{"line":10,"column":13},"end":{"line":10,"column":21}},"loc":{"start":{"line":10,"column":24},"end":{"line":10,"column":78}}},"2":{"name":"getTableHeader","decl":{"start":{"line":12,"column":13},"end":{"line":12,"column":27}},"loc":{"start":{"line":12,"column":30},"end":{"line":12,"column":77}}},"3":{"name":"getTableBody","decl":{"start":{"line":14,"column":13},"end":{"line":14,"column":25}},"loc":{"start":{"line":14,"column":28},"end":{"line":14,"column":72}}},"4":{"name":"getNthColumn","decl":{"start":{"line":16,"column":13},"end":{"line":16,"column":25}},"loc":{"start":{"line":16,"column":29},"end":{"line":16,"column":82}}},"5":{"name":"loadColumns","decl":{"start":{"line":19,"column":13},"end":{"line":19,"column":24}},"loc":{"start":{"line":19,"column":27},"end":{"line":40,"column":4}}},"6":{"name":"loadRowData","decl":{"start":{"line":43,"column":13},"end":{"line":43,"column":24}},"loc":{"start":{"line":43,"column":35},"end":{"line":60,"column":4}}},"7":{"name":"loadData","decl":{"start":{"line":62,"column":13},"end":{"line":62,"column":21}},"loc":{"start":{"line":62,"column":24},"end":{"line":69,"column":4}}},"8":{"name":"sortByIndex","decl":{"start":{"line":71,"column":13},"end":{"line":71,"column":24}},"loc":{"start":{"line":71,"column":38},"end":{"line":100,"column":4}}},"9":{"name":"(anonymous_9)","decl":{"start":{"line":73,"column":21},"end":{"line":73,"column":30}},"loc":{"start":{"line":73,"column":37},"end":{"line":77,"column":13}}},"10":{"name":"(anonymous_10)","decl":{"start":{"line":85,"column":26},"end":{"line":85,"column":35}},"loc":{"start":{"line":85,"column":42},"end":{"line":87,"column":13}}},"11":{"name":"removeSortIndicators","decl":{"start":{"line":102,"column":13},"end":{"line":102,"column":33}},"loc":{"start":{"line":102,"column":36},"end":{"line":108,"column":4}}},"12":{"name":"addSortIndicators","decl":{"start":{"line":110,"column":13},"end":{"line":110,"column":30}},"loc":{"start":{"line":110,"column":33},"end":{"line":112,"column":4}}},"13":{"name":"enableUI","decl":{"start":{"line":114,"column":13},"end":{"line":114,"column":21}},"loc":{"start":{"line":114,"column":24},"end":{"line":145,"column":4}}},"14":{"name":"ithSorter","decl":{"start":{"line":117,"column":33},"end":{"line":117,"column":42}},"loc":{"start":{"line":117,"column":46},"end":{"line":132,"column":13}}},"15":{"name":"(anonymous_15)","decl":{"start":{"line":120,"column":23},"end":{"line":120,"column":34}},"loc":{"start":{"line":120,"column":35},"end":{"line":131,"column":17}}},"16":{"name":"(anonymous_16)","decl":{"start":{"line":147,"column":11},"end":{"line":147,"column":22}},"loc":{"start":{"line":147,"column":23},"end":{"line":155,"column":5}}}},"branchMap":{"0":{"loc":{"start":{"line":31,"column":22},"end":{"line":31,"column":55}},"type":"binary-expr","locations":[{"start":{"line":31,"column":22},"end":{"line":31,"column":55}},{"start":{"line":31,"column":59},"end":{"line":null,"column":-1}}]},"1":{"loc":{"start":{"line":34,"column":12},"end":{"line":37,"column":12}},"type":"if","locations":[{"start":{"line":34,"column":12},"end":{"line":37,"column":12}},{"start":{"line":34,"column":12},"end":{"line":37,"column":12}}]},"2":{"loc":{"start":{"line":54,"column":12},"end":{"line":56,"column":12}},"type":"if","locations":[{"start":{"line":54,"column":12},"end":{"line":56,"column":12}},{"start":{"line":54,"column":12},"end":{"line":56,"column":12}}]},"3":{"loc":{"start":{"line":76,"column":31},"end":{"line":76,"column":33}},"type":"cond-expr","locations":[{"start":{"line":76,"column":31},"end":{"line":76,"column":33}},{"start":{"line":76,"column":36},"end":{"line":76,"column":49}}]},"4":{"loc":{"start":{"line":76,"column":44},"end":{"line":76,"column":45}},"type":"cond-expr","locations":[{"start":{"line":76,"column":44},"end":{"line":76,"column":45}},{"start":{"line":76,"column":48},"end":{"line":76,"column":49}}]},"5":{"loc":{"start":{"line":84,"column":8},"end":{"line":88,"column":8}},"type":"if","locations":[{"start":{"line":84,"column":8},"end":{"line":88,"column":8}},{"start":{"line":84,"column":8},"end":{"line":88,"column":8}}]},"6":{"loc":{"start":{"line":111,"column":72},"end":{"line":111,"column":86}},"type":"cond-expr","locations":[{"start":{"line":111,"column":72},"end":{"line":111,"column":86}},{"start":{"line":111,"column":89},"end":{"line":111,"column":98}}]},"7":{"loc":{"start":{"line":123,"column":20},"end":{"line":125,"column":20}},"type":"if","locations":[{"start":{"line":123,"column":20},"end":{"line":125,"column":20}},{"start":{"line":123,"column":20},"end":{"line":125,"column":20}}]},"8":{"loc":{"start":{"line":134,"column":12},"end":{"line":143,"column":12}},"type":"if","locations":[{"start":{"line":134,"column":12},"end":{"line":143,"column":12}},{"start":{"line":134,"column":12},"end":{"line":143,"column":12}}]},"9":{"loc":{"start":{"line":138,"column":16},"end":{"line":142,"column":16}},"type":"if","locations":[{"start":{"line":138,"column":16},"end":{"line":142,"column":16}},{"start":{"line":138,"column":16},"end":{"line":142,"column":16}}]},"10":{"loc":{"start":{"line":148,"column":8},"end":{"line":150,"column":8}},"type":"if","locations":[{"start":{"line":148,"column":8},"end":{"line":150,"column":8}},{"start":{"line":148,"column":8},"end":{"line":150,"column":8}}]}},"s":{"0":0,"1":0,"2":0,"3":0,"4":0,"5":0,"6":0,"7":0,"8":0,"9":0,"10":0,"11":0,"12":0,"13":0,"14":0,"15":0,"16":0,"17":0,"18":0,"19":0,"20":0,"21":0,"22":0,"23":0,"24":0,"25":0,"26":0,"27":0,"28":0,"29":0,"30":0,"31":0,"32":0,"33":0,"34":0,"35":0,"36":0,"37":0,"38":0,"39":0,"40":0,"41":0,"42":0,"43":0,"44":0,"45":0,"46":0,"47":0,"48":0,"49":0,"50":0,"51":0,"52":0,"53":0,"54":0,"55":0,"56":0,"57":0,"58":0,"59":0,"60":0,"61":0,"62":0,"63":0,"64":0,"65":0,"66":0,"67":0,"68":0,"69":0,"70":0,"71":0,"72":0,"73":0,"74":0,"75":0,"76":0},"f":{"0":0,"1":0,"2":0,"3":0,"4":0,"5":0,"6":0,"7":0,"8":0,"9":0,"10":0,"11":0,"12":0,"13":0,"14":0,"15":0,"16":0},"b":{"0":[0,0],"1":[0,0],"2":[0,0],"3":[0,0],"4":[0,0],"5":[0,0],"6":[0,0],"7":[0,0],"8":[0,0],"9":[0,0],"10":[0,0]}}
,"/Users/Cody/Documents/Projects/ElenaApp/frontend/src/util/constants.ts": {"path":"/Users/Cody/Documents/Projects/ElenaApp/frontend/src/util/constants.ts","statementMap":{"0":{"start":{"line":1,"column":23},"end":{"line":1,"column":46}},"1":{"start":{"line":3,"column":26},"end":{"line":3,"column":34}},"2":{"start":{"line":5,"column":20},"end":{"line":5,"column":35}}},"fnMap":{"0":{"name":"(anonymous_0)","decl":{"start":{"line":5,"column":20},"end":{"line":5,"column":21}},"loc":{"start":{"line":5,"column":32},"end":{"line":5,"column":35}},"line":5}},"branchMap":{},"s":{"0":3,"1":3,"2":3},"f":{"0":0},"b":{},"_coverageSchema":"332fd63041d2c1bcb487cc26dd0d5f7d97098a6c","hash":"c3d0f484634dc9c5900e5ea9af2bf357a8d2d468"}
,"/Users/Cody/Documents/Projects/ElenaApp/frontend/src/util/network.ts": {"path":"/Users/Cody/Documents/Projects/ElenaApp/frontend/src/util/network.ts","statementMap":{"0":{"start":{"line":10,"column":8},"end":{"line":27,"column":11}},"1":{"start":{"line":19,"column":28},"end":{"line":19,"column":43}},"2":{"start":{"line":20,"column":12},"end":{"line":24,"column":13}},"3":{"start":{"line":21,"column":16},"end":{"line":21,"column":42}},"4":{"start":{"line":23,"column":16},"end":{"line":23,"column":92}},"5":{"start":{"line":26,"column":12},"end":{"line":26,"column":84}}},"fnMap":{"0":{"name":"(anonymous_0)","decl":{"start":{"line":8,"column":4},"end":{"line":8,"column":5}},"loc":{"start":{"line":8,"column":83},"end":{"line":28,"column":5}},"line":8},"1":{"name":"(anonymous_1)","decl":{"start":{"line":19,"column":16},"end":{"line":19,"column":17}},"loc":{"start":{"line":19,"column":28},"end":{"line":19,"column":43}},"line":19},"2":{"name":"(anonymous_2)","decl":{"start":{"line":19,"column":50},"end":{"line":19,"column":51}},"loc":{"start":{"line":19,"column":58},"end":{"line":25,"column":9}},"line":19},"3":{"name":"(anonymous_3)","decl":{"start":{"line":25,"column":17},"end":{"line":25,"column":18}},"loc":{"start":{"line":25,"column":26},"end":{"line":27,"column":9}},"line":25}},"branchMap":{"0":{"loc":{"start":{"line":20,"column":12},"end":{"line":24,"column":13}},"type":"if","locations":[{"start":{"line":20,"column":12},"end":{"line":24,"column":13}},{"start":{"line":20,"column":12},"end":{"line":24,"column":13}}],"line":20}},"s":{"0":5,"1":3,"2":3,"3":2,"4":1,"5":3},"f":{"0":5,"1":3,"2":3,"3":3},"b":{"0":[2,1]},"_coverageSchema":"332fd63041d2c1bcb487cc26dd0d5f7d97098a6c","hash":"c6173cec08392f17981db699412f2e00f7ccc994"}
}
