TN:
SF:src/App.tsx
FN:7,App
FN:11,(anonymous_1)
FN:18,updateAndSaveToken
FNF:3
FNH:0
FNDA:0,App
FNDA:0,(anonymous_1)
FNDA:0,updateAndSaveToken
DA:9,0
DA:11,0
DA:12,0
DA:13,0
DA:14,0
DA:19,0
DA:20,0
DA:23,0
LF:8
LH:0
BRDA:13,0,0,0
BRDA:13,0,1,0
BRDA:25,1,0,0
BRDA:25,1,1,0
BRF:4
BRH:0
end_of_record
TN:
SF:src/globals.d.ts
FNF:0
FNH:0
LF:0
LH:0
BRF:0
BRH:0
end_of_record
TN:
SF:src/index.js
FNF:0
FNH:0
DA:7,0
LF:1
LH:0
BRF:0
BRH:0
end_of_record
TN:
SF:src/assets/images/elena-logo.png
FNF:0
FNH:0
DA:1,1
LF:1
LH:1
BRF:0
BRH:0
end_of_record
TN:
SF:src/hooks/useGeolocation.ts
FN:10,(anonymous_0)
FN:18,(anonymous_1)
FN:21,(anonymous_2)
FN:22,(anonymous_3)
FNF:4
FNH:2
FNDA:1,(anonymous_0)
FNDA:1,(anonymous_1)
FNDA:0,(anonymous_2)
FNDA:0,(anonymous_3)
DA:10,1
DA:11,1
DA:18,1
DA:19,1
DA:21,0
DA:22,0
DA:24,0
DA:25,0
DA:35,1
LF:9
LH:5
BRDA:19,0,0,1
BRDA:19,0,1,0
BRF:2
BRH:1
end_of_record
TN:
SF:src/pages/Authentication/Authentication.tsx
FN:18,Authentication
FN:28,(anonymous_1)
FN:32,(anonymous_2)
FN:36,triggerLogin
FN:42,(anonymous_4)
FN:48,(anonymous_5)
FNF:6
FNH:6
FNDA:19,Authentication
FNDA:3,(anonymous_1)
FNDA:3,(anonymous_2)
FNDA:5,triggerLogin
FNDA:1,(anonymous_4)
FNDA:1,(anonymous_5)
DA:22,19
DA:23,19
DA:24,19
DA:26,19
DA:28,19
DA:29,3
DA:32,19
DA:33,3
DA:37,5
DA:38,3
DA:39,3
DA:42,2
DA:43,1
DA:44,1
DA:45,1
DA:46,1
DA:47,1
DA:49,1
DA:53,2
DA:54,2
DA:58,19
LF:21
LH:21
BRDA:37,0,0,3
BRDA:37,0,1,2
BRDA:37,1,0,5
BRDA:37,1,1,3
BRDA:103,2,0,19
BRDA:103,2,1,4
BRF:6
BRH:6
end_of_record
TN:
SF:src/pages/Navigation/Navigation.tsx
FN:7,Navigation
FNF:1
FNH:1
FNDA:1,Navigation
DA:8,1
DA:24,1
LF:2
LH:2
BRF:0
BRH:0
end_of_record
TN:
SF:src/pages/Navigation/Layout/Sidebar.tsx
FN:8,Sidebar
FN:19,(anonymous_1)
FN:23,startNavigation
FN:49,(anonymous_3)
FN:58,(anonymous_4)
FNF:5
FNH:4
FNDA:19,Sidebar
FNDA:0,(anonymous_1)
FNDA:2,startNavigation
FNDA:5,(anonymous_3)
FNDA:3,(anonymous_4)
DA:10,19
DA:11,19
DA:12,19
DA:13,19
DA:15,19
DA:19,19
DA:20,0
DA:24,2
DA:25,2
DA:28,19
DA:49,5
DA:58,3
LF:12
LH:11
BRDA:110,0,0,17
BRDA:110,0,1,2
BRDA:129,1,0,17
BRDA:129,1,1,2
BRDA:133,2,0,17
BRDA:133,2,1,2
BRF:6
BRH:6
end_of_record
TN:
SF:src/pages/Navigation/Layout/SidebarComponents/NavigationErrorBox.tsx
FN:5,NavigationErrorBox
FN:7,getErrorMessages
FN:24,(anonymous_2)
FNF:3
FNH:3
FNDA:26,NavigationErrorBox
FNDA:5,getErrorMessages
FNDA:8,(anonymous_2)
DA:8,5
DA:9,5
DA:10,3
DA:12,5
DA:13,3
DA:15,5
DA:16,2
DA:18,5
DA:21,26
DA:25,8
LF:10
LH:10
BRDA:9,0,0,3
BRDA:9,0,1,2
BRDA:12,1,0,3
BRDA:12,1,1,2
BRDA:15,2,0,2
BRDA:15,2,1,3
BRDA:22,3,0,5
BRDA:22,3,1,21
BRDA:22,4,0,26
BRDA:22,4,1,7
BRDA:22,4,2,4
BRDA:22,4,3,3
BRF:12
BRH:12
end_of_record
TN:
SF:src/pages/Navigation/Layout/SidebarComponents/NavigationTypeButton.tsx
FN:5,NavigationTypeButton
FN:26,(anonymous_1)
FNF:2
FNH:2
FNDA:59,NavigationTypeButton
FNDA:5,(anonymous_1)
DA:19,59
DA:26,5
LF:2
LH:2
BRDA:24,0,0,19
BRDA:24,0,1,40
BRF:2
BRH:2
end_of_record
TN:
SF:src/pages/Navigation/Map/Map.tsx
FN:49,Map
FN:52,(anonymous_1)
FN:74,(anonymous_2)
FNF:3
FNH:3
FNDA:1,Map
FNDA:1,(anonymous_1)
FNDA:1,(anonymous_2)
DA:30,1
DA:42,1
DA:50,1
DA:52,1
DA:53,1
DA:56,1
DA:75,1
LF:7
LH:7
BRF:0
BRH:0
end_of_record
TN:
SF:src/pages/Navigation/Map/RoutingMachine.tsx
FN:12,(anonymous_0)
FNF:1
FNH:1
FNDA:1,(anonymous_0)
DA:12,1
DA:18,1
DA:37,1
DA:40,1
LF:4
LH:4
BRF:0
BRH:0
end_of_record
TN:
SF:src/style/theme.ts
FNF:0
FNH:0
DA:1,3
DA:3,3
LF:2
LH:2
BRF:0
BRH:0
end_of_record
TN:
SF:src/util/constants.ts
FN:5,(anonymous_0)
FNF:1
FNH:1
FNDA:1,(anonymous_0)
DA:1,2
DA:3,2
DA:5,2
LF:3
LH:3
BRF:0
BRH:0
end_of_record
TN:
SF:src/util/network.ts
FN:8,(anonymous_0)
FN:18,(anonymous_1)
FN:18,(anonymous_2)
FN:24,(anonymous_3)
FN:29,(anonymous_4)
FN:41,(anonymous_5)
FN:41,(anonymous_6)
FN:47,(anonymous_7)
FNF:8
FNH:8
FNDA:5,(anonymous_0)
FNDA:3,(anonymous_1)
FNDA:3,(anonymous_2)
FNDA:3,(anonymous_3)
FNDA:3,(anonymous_4)
FNDA:2,(anonymous_5)
FNDA:2,(anonymous_6)
FNDA:2,(anonymous_7)
DA:9,5
DA:18,3
DA:19,3
DA:20,2
DA:22,1
DA:25,3
DA:30,3
DA:41,2
DA:42,2
DA:43,1
DA:45,1
DA:48,2
LF:12
LH:12
BRDA:19,0,0,2
BRDA:19,0,1,1
BRDA:42,1,0,1
BRDA:42,1,1,1
BRF:4
BRH:4
end_of_record
